#
# There is insufficient memory for the Java Runtime Environment to continue.
# Native memory allocation (malloc) failed to allocate 77232 bytes for Chunk::new
# Possible reasons:
#   The system is out of physical RAM or swap space
#   The process is running with CompressedOops enabled, and the Java Heap may be blocking the growth of the native heap
# Possible solutions:
#   Reduce memory load on the system
#   Increase physical memory or swap space
#   Check if swap backing store is full
#   Decrease Java heap size (-Xmx/-Xms)
#   Decrease number of Java threads
#   Decrease Java thread stack sizes (-Xss)
#   Set larger code cache with -XX:ReservedCodeCacheSize=
#   JVM is running with Zero Based Compressed Oops mode in which the Java heap is
#     placed in the first 32GB address space. The Java Heap base address is the
#     maximum limit for the native heap growth. Please use -XX:HeapBaseMinAddress
#     to set the Java Heap base and to place the Java Heap above 32GB virtual address.
# This output file may be truncated or incomplete.
#
#  Out of Memory Error (allocation.cpp:389), pid=8624, tid=0x0000000000003eb4
#
# JRE version: Java(TM) SE Runtime Environment (8.0_411) (build 1.8.0_411-b09)
# Java VM: Java HotSpot(TM) 64-Bit Server VM (25.411-b09 mixed mode windows-amd64 compressed oops)
# Failed to write core dump. Minidumps are not enabled by default on client versions of Windows
#

---------------  T H R E A D  ---------------

Current thread (0x00000229ff01c800):  JavaThread "C2 CompilerThread1" daemon [_thread_in_native, id=16052, stack(0x0000007133400000,0x0000007133500000)]

Stack: [0x0000007133400000,0x0000007133500000]
Native frames: (J=compiled Java code, j=interpreted, Vv=VM code, C=native code)
V  [jvm.dll+0x3540d9]


Current CompileTask:
C2:  20075 2348       4       java.net.URLClassLoader$1::run (5 bytes)


---------------  P R O C E S S  ---------------

Java Threads: ( => current thread )
  0x000002298812a800 JavaThread "Service Thread" daemon [_thread_blocked, id=18328, stack(0x0000007133700000,0x0000007133800000)]
  0x00000229880b5000 JavaThread "C1 CompilerThread3" daemon [_thread_blocked, id=19228, stack(0x0000007133600000,0x0000007133700000)]
  0x00000229ff025800 JavaThread "C2 CompilerThread2" daemon [_thread_blocked, id=9516, stack(0x0000007133500000,0x0000007133600000)]
=>0x00000229ff01c800 JavaThread "C2 CompilerThread1" daemon [_thread_in_native, id=16052, stack(0x0000007133400000,0x0000007133500000)]
  0x00000229fefbc000 JavaThread "C2 CompilerThread0" daemon [_thread_blocked, id=13476, stack(0x0000007133300000,0x0000007133400000)]
  0x00000229fefbb000 JavaThread "Attach Listener" daemon [_thread_blocked, id=15876, stack(0x0000007133200000,0x0000007133300000)]
  0x00000229fefba800 JavaThread "Signal Dispatcher" daemon [_thread_blocked, id=19448, stack(0x0000007133100000,0x0000007133200000)]
  0x00000229fef89800 JavaThread "Finalizer" daemon [_thread_blocked, id=12196, stack(0x0000007133000000,0x0000007133100000)]
  0x00000229fef5d800 JavaThread "Reference Handler" daemon [_thread_blocked, id=2668, stack(0x0000007132f00000,0x0000007133000000)]
  0x00000229eb7ed000 JavaThread "main" [_thread_in_vm, id=18612, stack(0x0000007132500000,0x0000007132600000)]

Other Threads:
  0x00000229fef53000 VMThread [stack: 0x0000007132e00000,0x0000007132f00000] [id=20236]
  0x0000022988144000 WatcherThread [stack: 0x0000007133800000,0x0000007133900000] [id=4916]

VM state:not at safepoint (normal execution)

VM Mutex/Monitor currently owned by a thread: None

heap address: 0x00000006c5000000, size: 4016 MB, Compressed Oops mode: Zero based, Oop shift amount: 3
Narrow klass base: 0x0000000000000000, Narrow klass shift: 3
Compressed class space size: 1073741824 Address: 0x00000007c0000000

Heap:
 PSYoungGen      total 123392K, used 59193K [0x000000076c580000, 0x0000000774a00000, 0x00000007c0000000)
  eden space 114176K, 51% used [0x000000076c580000,0x000000076ff4e638,0x0000000773500000)
  from space 9216K, 0% used [0x0000000774100000,0x0000000774100000,0x0000000774a00000)
  to   space 10752K, 0% used [0x0000000773500000,0x0000000773500000,0x0000000773f80000)
 ParOldGen       total 106496K, used 9145K [0x00000006c5000000, 0x00000006cb800000, 0x000000076c580000)
  object space 106496K, 8% used [0x00000006c5000000,0x00000006c58ee7f0,0x00000006cb800000)
 Metaspace       used 42041K, capacity 44456K, committed 44672K, reserved 1087488K
  class space    used 5469K, capacity 6009K, committed 6016K, reserved 1048576K

Card table byte_map: [0x00000229fc590000,0x00000229fcd70000] byte_map_base: 0x00000229f8f68000

Marking Bits: (ParMarkBitMap*) 0x00007ffe462170d0
 Begin Bits: [0x0000022980000000, 0x0000022983ec0000)
 End Bits:   [0x0000022983ec0000, 0x0000022987d80000)

Polling page: 0x00000229eb8c0000

CodeCache: size=245760Kb used=8326Kb max_used=8337Kb free=237433Kb
 bounds [0x00000229ed1d0000, 0x00000229eda00000, 0x00000229fc1d0000]
 total_blobs=2999 nmethods=2484 adapters=427
 compilation: enabled

Compilation events (10 events):
Event: 19.960 Thread 0x00000229880b5000 2481       3       org.apache.flink.calcite.shaded.com.google.common.cache.LocalCache$Segment::getEntry (73 bytes)
Event: 19.965 Thread 0x00000229880b5000 nmethod 2481 0x00000229ed9ef610 code [0x00000229ed9ef8c0, 0x00000229ed9f0de0]
Event: 19.976 Thread 0x00000229880b5000 2482       3       org.apache.flink.calcite.shaded.com.google.common.collect.RegularImmutableMap::createEntrySet (13 bytes)
Event: 19.977 Thread 0x00000229880b5000 nmethod 2482 0x00000229ed9f3650 code [0x00000229ed9f3800, 0x00000229ed9f3d50]
Event: 19.977 Thread 0x00000229880b5000 2483       3       org.apache.flink.calcite.shaded.com.google.common.collect.ImmutableMapEntrySet$RegularEntrySet::<init> (10 bytes)
Event: 19.977 Thread 0x00000229880b5000 nmethod 2483 0x00000229ed9f2d10 code [0x00000229ed9f2ea0, 0x00000229ed9f3330]
Event: 19.982 Thread 0x00000229fefbc000 2484       4       org.apache.flink.calcite.shaded.com.google.common.collect.ImmutableMap$Builder::put (35 bytes)
Event: 19.993 Thread 0x00000229fefbc000 nmethod 2484 0x00000229ed9eed90 code [0x00000229ed9eef00, 0x00000229ed9ef2f8]
Event: 20.022 Thread 0x00000229880b5000 2485       3       org.apache.flink.calcite.shaded.com.google.common.cache.LocalCache$WeakEntry::setValueReference (6 bytes)
Event: 20.022 Thread 0x00000229880b5000 nmethod 2485 0x00000229ed9f1ed0 code [0x00000229ed9f2020, 0x00000229ed9f2198]

GC Heap History (10 events):
Event: 9.558 GC heap before
{Heap before GC invocations=2 (full 0):
 PSYoungGen      total 75264K, used 15220K [0x000000076c580000, 0x0000000771980000, 0x00000007c0000000)
  eden space 64512K, 6% used [0x000000076c580000,0x000000076c9e0768,0x0000000770480000)
  from space 10752K, 99% used [0x0000000770480000,0x0000000770efc8b0,0x0000000770f00000)
  to   space 10752K, 0% used [0x0000000770f00000,0x0000000770f00000,0x0000000771980000)
 ParOldGen       total 172032K, used 3281K [0x00000006c5000000, 0x00000006cf800000, 0x000000076c580000)
  object space 172032K, 1% used [0x00000006c5000000,0x00000006c53346f0,0x00000006cf800000)
 Metaspace       used 20299K, capacity 21174K, committed 21248K, reserved 1067008K
  class space    used 2571K, capacity 2802K, committed 2816K, reserved 1048576K
Event: 9.613 GC heap after
Heap after GC invocations=2 (full 0):
 PSYoungGen      total 75264K, used 4611K [0x000000076c580000, 0x0000000775880000, 0x00000007c0000000)
  eden space 64512K, 0% used [0x000000076c580000,0x000000076c580000,0x0000000770480000)
  from space 10752K, 42% used [0x0000000770f00000,0x0000000771380d48,0x0000000771980000)
  to   space 10752K, 0% used [0x0000000770480000,0x0000000770480000,0x0000000770f00000)
 ParOldGen       total 172032K, used 3289K [0x00000006c5000000, 0x00000006cf800000, 0x000000076c580000)
  object space 172032K, 1% used [0x00000006c5000000,0x00000006c53366f0,0x00000006cf800000)
 Metaspace       used 20299K, capacity 21174K, committed 21248K, reserved 1067008K
  class space    used 2571K, capacity 2802K, committed 2816K, reserved 1048576K
}
Event: 9.613 GC heap before
{Heap before GC invocations=3 (full 1):
 PSYoungGen      total 75264K, used 4611K [0x000000076c580000, 0x0000000775880000, 0x00000007c0000000)
  eden space 64512K, 0% used [0x000000076c580000,0x000000076c580000,0x0000000770480000)
  from space 10752K, 42% used [0x0000000770f00000,0x0000000771380d48,0x0000000771980000)
  to   space 10752K, 0% used [0x0000000770480000,0x0000000770480000,0x0000000770f00000)
 ParOldGen       total 172032K, used 3289K [0x00000006c5000000, 0x00000006cf800000, 0x000000076c580000)
  object space 172032K, 1% used [0x00000006c5000000,0x00000006c53366f0,0x00000006cf800000)
 Metaspace       used 20299K, capacity 21174K, committed 21248K, reserved 1067008K
  class space    used 2571K, capacity 2802K, committed 2816K, reserved 1048576K
Event: 9.733 GC heap after
Heap after GC invocations=3 (full 1):
 PSYoungGen      total 75264K, used 0K [0x000000076c580000, 0x0000000775880000, 0x00000007c0000000)
  eden space 64512K, 0% used [0x000000076c580000,0x000000076c580000,0x0000000770480000)
  from space 10752K, 0% used [0x0000000770f00000,0x0000000770f00000,0x0000000771980000)
  to   space 10752K, 0% used [0x0000000770480000,0x0000000770480000,0x0000000770f00000)
 ParOldGen       total 83968K, used 4996K [0x00000006c5000000, 0x00000006ca200000, 0x000000076c580000)
  object space 83968K, 5% used [0x00000006c5000000,0x00000006c54e1320,0x00000006ca200000)
 Metaspace       used 20299K, capacity 21174K, committed 21248K, reserved 1067008K
  class space    used 2571K, capacity 2802K, committed 2816K, reserved 1048576K
}
Event: 14.176 GC heap before
{Heap before GC invocations=4 (full 1):
 PSYoungGen      total 75264K, used 64512K [0x000000076c580000, 0x0000000775880000, 0x00000007c0000000)
  eden space 64512K, 100% used [0x000000076c580000,0x0000000770480000,0x0000000770480000)
  from space 10752K, 0% used [0x0000000770f00000,0x0000000770f00000,0x0000000771980000)
  to   space 10752K, 0% used [0x0000000770480000,0x0000000770480000,0x0000000770f00000)
 ParOldGen       total 83968K, used 4996K [0x00000006c5000000, 0x00000006ca200000, 0x000000076c580000)
  object space 83968K, 5% used [0x00000006c5000000,0x00000006c54e1320,0x00000006ca200000)
 Metaspace       used 32020K, capacity 33432K, committed 33536K, reserved 1079296K
  class space    used 3958K, capacity 4276K, committed 4352K, reserved 1048576K
Event: 14.193 GC heap after
Heap after GC invocations=4 (full 1):
 PSYoungGen      total 75264K, used 10735K [0x000000076c580000, 0x0000000774b80000, 0x00000007c0000000)
  eden space 64512K, 0% used [0x000000076c580000,0x000000076c580000,0x0000000770480000)
  from space 10752K, 99% used [0x0000000770480000,0x0000000770efbf98,0x0000000770f00000)
  to   space 10752K, 0% used [0x0000000774100000,0x0000000774100000,0x0000000774b80000)
 ParOldGen       total 83968K, used 7703K [0x00000006c5000000, 0x00000006ca200000, 0x000000076c580000)
  object space 83968K, 9% used [0x00000006c5000000,0x00000006c5785d40,0x00000006ca200000)
 Metaspace       used 32020K, capacity 33432K, committed 33536K, reserved 1079296K
  class space    used 3958K, capacity 4276K, committed 4352K, reserved 1048576K
}
Event: 15.081 GC heap before
{Heap before GC invocations=5 (full 1):
 PSYoungGen      total 75264K, used 26436K [0x000000076c580000, 0x0000000774b80000, 0x00000007c0000000)
  eden space 64512K, 24% used [0x000000076c580000,0x000000076d4d53d8,0x0000000770480000)
  from space 10752K, 99% used [0x0000000770480000,0x0000000770efbf98,0x0000000770f00000)
  to   space 10752K, 0% used [0x0000000774100000,0x0000000774100000,0x0000000774b80000)
 ParOldGen       total 83968K, used 7703K [0x00000006c5000000, 0x00000006ca200000, 0x000000076c580000)
  object space 83968K, 9% used [0x00000006c5000000,0x00000006c5785d40,0x00000006ca200000)
 Metaspace       used 33866K, capacity 35382K, committed 35416K, reserved 1081344K
  class space    used 4253K, capacity 4585K, committed 4608K, reserved 1048576K
Event: 15.100 GC heap after
Heap after GC invocations=5 (full 1):
 PSYoungGen      total 123392K, used 4945K [0x000000076c580000, 0x0000000774a00000, 0x00000007c0000000)
  eden space 114176K, 0% used [0x000000076c580000,0x000000076c580000,0x0000000773500000)
  from space 9216K, 53% used [0x0000000774100000,0x00000007745d4728,0x0000000774a00000)
  to   space 10752K, 0% used [0x0000000773500000,0x0000000773500000,0x0000000773f80000)
 ParOldGen       total 83968K, used 7711K [0x00000006c5000000, 0x00000006ca200000, 0x000000076c580000)
  object space 83968K, 9% used [0x00000006c5000000,0x00000006c5787d40,0x00000006ca200000)
 Metaspace       used 33866K, capacity 35382K, committed 35416K, reserved 1081344K
  class space    used 4253K, capacity 4585K, committed 4608K, reserved 1048576K
}
Event: 15.100 GC heap before
{Heap before GC invocations=6 (full 2):
 PSYoungGen      total 123392K, used 4945K [0x000000076c580000, 0x0000000774a00000, 0x00000007c0000000)
  eden space 114176K, 0% used [0x000000076c580000,0x000000076c580000,0x0000000773500000)
  from space 9216K, 53% used [0x0000000774100000,0x00000007745d4728,0x0000000774a00000)
  to   space 10752K, 0% used [0x0000000773500000,0x0000000773500000,0x0000000773f80000)
 ParOldGen       total 83968K, used 7711K [0x00000006c5000000, 0x00000006ca200000, 0x000000076c580000)
  object space 83968K, 9% used [0x00000006c5000000,0x00000006c5787d40,0x00000006ca200000)
 Metaspace       used 33866K, capacity 35382K, committed 35416K, reserved 1081344K
  class space    used 4253K, capacity 4585K, committed 4608K, reserved 1048576K
Event: 15.170 GC heap after
Heap after GC invocations=6 (full 2):
 PSYoungGen      total 123392K, used 0K [0x000000076c580000, 0x0000000774a00000, 0x00000007c0000000)
  eden space 114176K, 0% used [0x000000076c580000,0x000000076c580000,0x0000000773500000)
  from space 9216K, 0% used [0x0000000774100000,0x0000000774100000,0x0000000774a00000)
  to   space 10752K, 0% used [0x0000000773500000,0x0000000773500000,0x0000000773f80000)
 ParOldGen       total 106496K, used 9145K [0x00000006c5000000, 0x00000006cb800000, 0x000000076c580000)
  object space 106496K, 8% used [0x00000006c5000000,0x00000006c58ee7f0,0x00000006cb800000)
 Metaspace       used 33866K, capacity 35382K, committed 35416K, reserved 1081344K
  class space    used 4253K, capacity 4585K, committed 4608K, reserved 1048576K
}

Deoptimization events (10 events):
Event: 17.322 Thread 0x00000229eb7ed000 Uncommon trap: reason=bimorphic action=maybe_recompile pc=0x00000229ed949a24 method=java.util.regex.Pattern$CharProperty.match(Ljava/util/regex/Matcher;ILjava/lang/CharSequence;)Z @ 37
Event: 17.327 Thread 0x00000229eb7ed000 Uncommon trap: reason=bimorphic action=maybe_recompile pc=0x00000229ed949a24 method=java.util.regex.Pattern$CharProperty.match(Ljava/util/regex/Matcher;ILjava/lang/CharSequence;)Z @ 37
Event: 18.835 Thread 0x00000229eb7ed000 Uncommon trap: reason=unstable_if action=reinterpret pc=0x00000229ed99b6b8 method=java.io.StringReader.read()I @ 19
Event: 18.880 Thread 0x00000229eb7ed000 Uncommon trap: reason=unstable_if action=reinterpret pc=0x00000229ed884758 method=java.util.Arrays.equals([Ljava/lang/Object;[Ljava/lang/Object;)Z @ 65
Event: 19.443 Thread 0x00000229eb7ed000 Uncommon trap: reason=unstable_if action=reinterpret pc=0x00000229ed61a4b8 method=java.util.HashMap.putVal(ILjava/lang/Object;Ljava/lang/Object;ZZ)Ljava/lang/Object; @ 162
Event: 19.444 Thread 0x00000229eb7ed000 Uncommon trap: reason=unstable_if action=reinterpret pc=0x00000229ed604d94 method=java.util.HashMap.getNode(ILjava/lang/Object;)Ljava/util/HashMap$Node; @ 84
Event: 19.444 Thread 0x00000229eb7ed000 Uncommon trap: reason=unstable_if action=reinterpret pc=0x00000229ed60689c method=java.util.HashMap.getNode(ILjava/lang/Object;)Ljava/util/HashMap$Node; @ 84
Event: 19.444 Thread 0x00000229eb7ed000 Uncommon trap: reason=unstable_if action=reinterpret pc=0x00000229ed61d3d4 method=java.util.HashMap.putVal(ILjava/lang/Object;Ljava/lang/Object;ZZ)Ljava/lang/Object; @ 109
Event: 19.476 Thread 0x00000229eb7ed000 Uncommon trap: reason=unstable_if action=reinterpret pc=0x00000229ed73a8a0 method=java.util.HashMap.resize()[Ljava/util/HashMap$Node; @ 206
Event: 19.544 Thread 0x00000229eb7ed000 Uncommon trap: reason=unstable_if action=reinterpret pc=0x00000229ed7ec43c method=java.lang.ClassLoader.getClassLoadingLock(Ljava/lang/String;)Ljava/lang/Object; @ 6

Classes redefined (0 events):
No events

Internal exceptions (10 events):
Event: 19.988 Thread 0x00000229eb7ed000 Exception <a 'java/lang/NoSuchMethodError': java.lang.Object.toRule()Lorg/apache/calcite/adapter/enumerable/EnumerableLimitSortRule;> (0x000000076fe35f78) thrown at [C:\jenkins\workspace\8-2-build-windows-x64-cygwin-sans-NAS\jdk8u411\893\hotspot\src\share
Event: 19.988 Thread 0x00000229eb7ed000 Exception <a 'java/lang/NoSuchMethodError': java.lang.Object.toRule()Lorg/apache/calcite/plan/RelOptRule;> (0x000000076fe371d8) thrown at [C:\jenkins\workspace\8-2-build-windows-x64-cygwin-sans-NAS\jdk8u411\893\hotspot\src\share\vm\interpreter\linkResolve
Event: 19.988 Thread 0x00000229eb7ed000 Exception <a 'java/lang/NoSuchMethodError': java.lang.Object.as(Ljava/lang/Class;)Ljava/lang/Object;> (0x000000076fe383a8) thrown at [C:\jenkins\workspace\8-2-build-windows-x64-cygwin-sans-NAS\jdk8u411\893\hotspot\src\share\vm\interpreter\linkResolver.cpp
Event: 19.988 Thread 0x00000229eb7ed000 Exception <a 'java/lang/NoSuchMethodError': java.lang.Object.as(Ljava/lang/Class;)Ljava/lang/Object;> (0x000000076fe389e8) thrown at [C:\jenkins\workspace\8-2-build-windows-x64-cygwin-sans-NAS\jdk8u411\893\hotspot\src\share\vm\interpreter\linkResolver.cpp
Event: 20.017 Thread 0x00000229eb7ed000 Exception <a 'java/lang/NoSuchMethodError': java.lang.Object.lambda$null$0(Lorg/apache/calcite/rel/logical/LogicalSort;)Z> (0x000000076fe50098) thrown at [C:\jenkins\workspace\8-2-build-windows-x64-cygwin-sans-NAS\jdk8u411\893\hotspot\src\share\vm\interpr
Event: 20.021 Thread 0x00000229eb7ed000 Exception <a 'java/lang/NoSuchMethodError': java.lang.Object.lambda$static$0(Lorg/apache/calcite/plan/RelRule$OperandBuilder;)Lorg/apache/calcite/plan/RelRule$Done;> (0x000000076fe5a7f8) thrown at [C:\jenkins\workspace\8-2-build-windows-x64-cygwin-sans-NA
Event: 20.023 Thread 0x00000229eb7ed000 Exception <a 'java/lang/NoSuchMethodError': java.lang.Object.toRule()Lorg/apache/calcite/adapter/enumerable/EnumerableLimitRule;> (0x000000076fe60c90) thrown at [C:\jenkins\workspace\8-2-build-windows-x64-cygwin-sans-NAS\jdk8u411\893\hotspot\src\share\vm\
Event: 20.023 Thread 0x00000229eb7ed000 Exception <a 'java/lang/NoSuchMethodError': java.lang.Object.toRule()Lorg/apache/calcite/plan/RelOptRule;> (0x000000076fe61ef0) thrown at [C:\jenkins\workspace\8-2-build-windows-x64-cygwin-sans-NAS\jdk8u411\893\hotspot\src\share\vm\interpreter\linkResolve
Event: 20.024 Thread 0x00000229eb7ed000 Exception <a 'java/lang/NoSuchMethodError': java.lang.Object.as(Ljava/lang/Class;)Ljava/lang/Object;> (0x000000076fe630c0) thrown at [C:\jenkins\workspace\8-2-build-windows-x64-cygwin-sans-NAS\jdk8u411\893\hotspot\src\share\vm\interpreter\linkResolver.cpp
Event: 20.024 Thread 0x00000229eb7ed000 Exception <a 'java/lang/NoSuchMethodError': java.lang.Object.as(Ljava/lang/Class;)Ljava/lang/Object;> (0x000000076fe63700) thrown at [C:\jenkins\workspace\8-2-build-windows-x64-cygwin-sans-NAS\jdk8u411\893\hotspot\src\share\vm\interpreter\linkResolver.cpp

Events (10 events):
Event: 20.051 loading class org/apache/calcite/adapter/enumerable/EnumerableRepeatUnionRule
Event: 20.051 loading class org/apache/calcite/adapter/enumerable/EnumerableRepeatUnionRule done
Event: 20.052 loading class org/apache/calcite/rel/logical/LogicalRepeatUnion
Event: 20.052 loading class org/apache/calcite/rel/logical/LogicalRepeatUnion done
Event: 20.056 loading class org/apache/calcite/rel/core/RepeatUnion
Event: 20.056 loading class org/apache/calcite/rel/core/RepeatUnion done
Event: 20.065 loading class org/apache/calcite/rel/convert/ConverterRule$Config
Event: 20.065 loading class org/apache/calcite/rel/convert/ConverterRule$Config done
Event: 20.065 loading class org/apache/calcite/rel/convert/ConverterRule$Config
Event: 20.065 loading class org/apache/calcite/rel/convert/ConverterRule$Config done


Dynamic libraries:
0x00007ff6ce2a0000 - 0x00007ff6ce2ea000 	D:\Java\jre-1.8\bin\java.exe
0x00007ffed2af0000 - 0x00007ffed2d07000 	C:\WINDOWS\SYSTEM32\ntdll.dll
0x00007ffed1570000 - 0x00007ffed1634000 	C:\WINDOWS\System32\KERNEL32.DLL
0x00007ffed0030000 - 0x00007ffed03dc000 	C:\WINDOWS\System32\KERNELBASE.dll
0x00007ffed1740000 - 0x00007ffed17f2000 	C:\WINDOWS\System32\ADVAPI32.dll
0x00007ffed2840000 - 0x00007ffed28e7000 	C:\WINDOWS\System32\msvcrt.dll
0x00007ffed09d0000 - 0x00007ffed0a7a000 	C:\WINDOWS\System32\sechost.dll
0x00007ffed0000000 - 0x00007ffed0028000 	C:\WINDOWS\System32\bcrypt.dll
0x00007ffed2720000 - 0x00007ffed2835000 	C:\WINDOWS\System32\RPCRT4.dll
0x00007ffed13c0000 - 0x00007ffed156e000 	C:\WINDOWS\System32\USER32.dll
0x00007ffed05a0000 - 0x00007ffed05c6000 	C:\WINDOWS\System32\win32u.dll
0x00007ffed1d90000 - 0x00007ffed1db9000 	C:\WINDOWS\System32\GDI32.dll
0x00007ffed03e0000 - 0x00007ffed04f9000 	C:\WINDOWS\System32\gdi32full.dll
0x00007ffed0500000 - 0x00007ffed059a000 	C:\WINDOWS\System32\msvcp_win.dll
0x00007ffed0650000 - 0x00007ffed0761000 	C:\WINDOWS\System32\ucrtbase.dll
0x00007ffebef70000 - 0x00007ffebf203000 	C:\WINDOWS\WinSxS\amd64_microsoft.windows.common-controls_6595b64144ccf1df_6.0.22621.3672_none_2713b9d173822955\COMCTL32.dll
0x00007ffed0830000 - 0x00007ffed0861000 	C:\WINDOWS\System32\IMM32.DLL
0x00007ffec5670000 - 0x00007ffec568b000 	D:\Java\jre-1.8\bin\vcruntime140.dll
0x00007ffec9620000 - 0x00007ffec962c000 	D:\Java\jre-1.8\bin\vcruntime140_1.dll
0x00007ffe8cf30000 - 0x00007ffe8cfbe000 	D:\Java\jre-1.8\bin\msvcp140.dll
0x00007ffe459e0000 - 0x00007ffe46291000 	D:\Java\jre-1.8\bin\server\jvm.dll
0x00007ffed1dc0000 - 0x00007ffed1dc8000 	C:\WINDOWS\System32\PSAPI.DLL
0x00007ffea3bd0000 - 0x00007ffea3bd9000 	C:\WINDOWS\SYSTEM32\WSOCK32.dll
0x00007ffec7280000 - 0x00007ffec72b4000 	C:\WINDOWS\SYSTEM32\WINMM.dll
0x00007ffed1f70000 - 0x00007ffed1fe1000 	C:\WINDOWS\System32\WS2_32.dll
0x00007ffec6f60000 - 0x00007ffec6f6a000 	C:\WINDOWS\SYSTEM32\VERSION.dll
0x00007ffecef00000 - 0x00007ffecef18000 	C:\WINDOWS\SYSTEM32\kernel.appcore.dll
0x00007ffec9960000 - 0x00007ffec9970000 	D:\Java\jre-1.8\bin\verify.dll
0x00007ffec5640000 - 0x00007ffec566b000 	D:\Java\jre-1.8\bin\java.dll
0x00007ffec5380000 - 0x00007ffec5398000 	D:\Java\jre-1.8\bin\zip.dll
0x00007ffed0a80000 - 0x00007ffed12dc000 	C:\WINDOWS\System32\SHELL32.dll
0x00007ffecdd20000 - 0x00007ffece617000 	C:\WINDOWS\SYSTEM32\windows.storage.dll
0x00007ffed1900000 - 0x00007ffed1c88000 	C:\WINDOWS\System32\combase.dll
0x00007ffecdbe0000 - 0x00007ffecdd1f000 	C:\WINDOWS\SYSTEM32\wintypes.dll
0x00007ffed1800000 - 0x00007ffed18f4000 	C:\WINDOWS\System32\SHCORE.dll
0x00007ffed1360000 - 0x00007ffed13be000 	C:\WINDOWS\System32\shlwapi.dll
0x00007ffecfd50000 - 0x00007ffecfd71000 	C:\WINDOWS\SYSTEM32\profapi.dll
0x00007ffebb860000 - 0x00007ffebb87c000 	D:\Java\jre-1.8\bin\net.dll
0x00007ffecf360000 - 0x00007ffecf3c9000 	C:\WINDOWS\system32\mswsock.dll
0x00007ffea7f90000 - 0x00007ffea7fa3000 	D:\Java\jre-1.8\bin\nio.dll
0x00007ffecf570000 - 0x00007ffecf58b000 	C:\WINDOWS\SYSTEM32\CRYPTSP.dll
0x00007ffecee60000 - 0x00007ffecee95000 	C:\WINDOWS\system32\rsaenh.dll
0x00007ffecf410000 - 0x00007ffecf438000 	C:\WINDOWS\SYSTEM32\USERENV.dll
0x00007ffed05d0000 - 0x00007ffed064b000 	C:\WINDOWS\System32\bcryptprimitives.dll
0x00007ffecf590000 - 0x00007ffecf59c000 	C:\WINDOWS\SYSTEM32\CRYPTBASE.dll
0x00007ffece880000 - 0x00007ffece8ad000 	C:\WINDOWS\SYSTEM32\IPHLPAPI.DLL
0x00007ffed1660000 - 0x00007ffed1669000 	C:\WINDOWS\System32\NSI.dll
0x00007ffec9970000 - 0x00007ffec9989000 	C:\WINDOWS\SYSTEM32\dhcpcsvc6.DLL
0x00007ffec9810000 - 0x00007ffec982f000 	C:\WINDOWS\SYSTEM32\dhcpcsvc.DLL
0x00007ffece920000 - 0x00007ffecea18000 	C:\WINDOWS\SYSTEM32\DNSAPI.dll

VM Arguments:
java_command: com.demo.flink.FlinkCdcMySql CREATE DATABASE IF NOT EXISTS flink_source CREATE TABLE flink_source.flink_source_Student (
  `student_id` int,
  `student_type` varchar(50),
  `gender` varchar(50),
  `ethnicity` varchar(50),
  `birth_str` varchar(10),
  `education_level` varchar(50),
  `political_status` varchar(50),
  `hometown` varchar(100),
  `gaokao_score` int,
  `grade` int,
  `class` int,
  PRIMARY KEY (`student_id`) NOT ENFORCED
) WITH (
  'connector'  = 'mysql-cdc',
  'hostname'   = '47.120.73.205',
  'port'   = '3307',
  'database-name'   = 'source',
  'table-name' = 'Student',
  'username'   = 'root',
  'password'   = '2024'
) CREATE TABLE flink_source.flink_target_Student (
  `student_id` int,
  `student_type` varchar(50),
  `gender` varchar(50),
  `ethnicity` varchar(50),
  `birth_str` varchar(10),
  `education_level` varchar(50),
  `political_status` varchar(50),
  `hometown` varchar(100),
  `gaokao_score` int,
  `grade` int,
  `class` int,
  PRIMARY KEY (`student_id`) NOT ENFORCED
) WITH (
  'connector'  = 'elasticsearch-7',
  'hosts'     = 'http://47.120.73.205:9200',
  'index'        = '1_source_student_index'
) INSERT INTO flink_source.flink_target_Student select * from flink_source.flink_source_Student

java_class_path (initial): mysql2es.jar;flink_libs/aggs-matrix-stats-client-7.10.2.jar;flink_libs/awaitility-4.0.1.jar;flink_libs/chill-java-0.7.6.jar;flink_libs/commons-cli-1.5.0.jar;flink_libs/commons-codec-1.11.jar;flink_libs/commons-collections-3.2.2.jar;flink_libs/commons-compress-1.21.jar;flink_libs/commons-io-2.11.0.jar;flink_libs/commons-lang3-3.3.2.jar;flink_libs/commons-logging-1.1.3.jar;flink_libs/commons-math3-3.6.1.jar;flink_libs/compiler-0.9.6.jar;flink_libs/elasticsearch-7.10.2.jar;flink_libs/elasticsearch-cli-7.10.2.jar;flink_libs/elasticsearch-core-7.10.2.jar;flink_libs/elasticsearch-geo-7.10.2.jar;flink_libs/elasticsearch-rest-client-7.10.2.jar;flink_libs/elasticsearch-rest-high-level-client-7.10.2.jar;flink_libs/elasticsearch-secure-sm-7.10.2.jar;flink_libs/elasticsearch-x-content-7.10.2.jar;flink_libs/flink-annotations-1.16.0.jar;flink_libs/flink-cep-1.16.0.jar;flink_libs/flink-clients-1.16.0.jar;flink_libs/flink-connector-base-1.16.0.jar;flink_libs/flink-connector-elasticsearch-base-1.16.0.jar;flink_libs/flink-connector-elasticsearch7-1.16.0.jar;flink_libs/flink-connector-jdbc-1.16.0.jar;flink_libs/flink-core-1.16.0.jar;flink_libs/flink-file-sink-common-1.16.0.jar;flink_libs/flink-hadoop-fs-1.16.0.jar;flink_libs/flink-java-1.16.0.jar;flink_libs/flink-json-1.16.0.jar;flink_libs/flink-metrics-core-1.16.0.jar;flink_libs/flink-optimizer-1.16.0.jar;flink_libs/flink-queryable-state-client-java-1.16.0.jar;flink_libs/flink-rpc-akka-loader-1.16.0.jar;flink_libs/flink-rpc-core-1.16.0.jar;flink_libs/flink-runtime-1.16.0.jar;flink_libs/flink-shaded-asm-9-9.2-15.0.jar;flink_libs/flink-shaded-force-shading-15.0.jar;flink_libs/flink-shaded-guava-30.1.1-jre-15.0.jar;flink_libs/flink-shaded-jackson-2.12.4-15.0.jar;flink_libs/flink-shaded-netty-4.1.70.Final-15.0.jar;flink_libs/flink-shaded-zookeeper-3-3.5.9-15.0.jar;flink_libs/flink-sql-connector-mysql-cdc-2.3.0.jar;flink_libs/flink-streaming-java-1.16.0.jar;flink_libs/flink-table-api-bridge-base-1.16.0.jar;fli
Launcher Type: SUN_STANDARD

Environment Variables:
JAVA_HOME=D:\Java\jdk-1.8
CLASSPATH=.;D:\Java\jdk-1.8\lib;D:\Java\jdk-1.8\lib\tools.jar
PATH=C:\Program Files (x86)\Common Files\Oracle\Java\java8path;C:\Program Files (x86)\Common Files\Oracle\Java\javapath;D:\NVIDIA\CUDA Development\bin;D:\NVIDIA\CUDA Development\libnvvp;D:\VMware Player\bin\;C:\Windows\system32;C:\Windows;C:\Windows\System32\Wbem;C:\Windows\System32\WindowsPowerShell\v1.0\;C:\Windows\System32\OpenSSH\;C:\WINDOWS\system32;C:\WINDOWS;C:\WINDOWS\System32\Wbem;C:\WINDOWS\System32\WindowsPowerShell\v1.0\;C:\WINDOWS\System32\OpenSSH\;D:\mingw64\bin;D:\NetSarang\Xshell 7\;D:\NetSarang\Xftp 7\;D:\Git\cmd;C:\Users\22868\.cargo\bin;C:\Program Files\NVIDIA Corporation\Nsight Compute 2022.1.0\;D:\NVIDIA\CUDA Development\include;D:\Java\jdk-1.8\bin;D:\Maven\apache-maven-3.9.6\bin;D:\GO\go1.20.6.windows-amd64\go\bin;%MAVEN_HOME %\bin;C:\Users\22868\.cargo\bin;D:\Environment\anaconda3;D:\Environment\anaconda3\Library\mingw-w64\bin;D:\Environment\anaconda3\Library\usr\bin;D:\Environment\anaconda3\Library\bin;D:\Environment\anaconda3\Scripts;C:\Users\22868\AppData\Local\Microsoft\WindowsApps;D:\IDE\Microsoft VS Code\bin;D:\IDE\PyCharm Community Edition 2023.3.3\bin;;D:\IDE\IntelliJ IDEA 2023.3.4\bin;;D:\IDE\GoLand 2024.1.1\bin;;D:\GO\go1.20.6.windows-amd64\go\bin
USERNAME=22868
OS=Windows_NT
PROCESSOR_IDENTIFIER=Intel64 Family 6 Model 140 Stepping 1, GenuineIntel



---------------  S Y S T E M  ---------------

OS: Windows 11 , 64 bit Build 22621 (10.0.22621.3672)

CPU:total 8 (initial active 8) (4 cores per cpu, 2 threads per core) family 6 model 140 stepping 1, cmov, cx8, fxsr, mmx, sse, sse2, sse3, ssse3, sse4.1, sse4.2, popcnt, avx, avx2, aes, clmul, erms, 3dnowpref, lzcnt, ht, tsc, tscinvbit, bmi1, bmi2, adx

Memory: 4k page, physical 16448380k(243600k free), swap 34709412k(12k free)

vm_info: Java HotSpot(TM) 64-Bit Server VM (25.411-b09) for windows-amd64 JRE (1.8.0_411-b09), built on Mar 13 2024 07:26:13 by "java_re" with MS VC++ 17.1 (VS2022)

time: Mon Jun 17 13:28:20 2024
timezone: Intel64 Family 6 Model 140 Stepping 1, GenuineIntel
elapsed time: 20.092342 seconds (0d 0h 0m 20s)

