#
# A fatal error has been detected by the Java Runtime Environment:
#
#  EXCEPTION_ACCESS_VIOLATION (0xc0000005) at pc=0x00007ffea7f973e7, pid=1192, tid=0x000000000000402c
#
# JRE version: Java(TM) SE Runtime Environment (8.0_411) (build 1.8.0_411-b09)
# Java VM: Java HotSpot(TM) 64-Bit Server VM (25.411-b09 mixed mode windows-amd64 compressed oops)
# Problematic frame:
# C  [nio.dll+0x73e7]
#
# Failed to write core dump. Minidumps are not enabled by default on client versions of Windows
#
# If you would like to submit a bug report, please visit:
#   http://bugreport.java.com/bugreport/crash.jsp
# The crash happened outside the Java Virtual Machine in native code.
# See problematic frame for where to report the bug.
#

---------------  T H R E A D  ---------------

Current thread (0x000001f893039800):  JavaThread "I/O dispatcher 6241" [_thread_in_native, id=16428, stack(0x00000078fc300000,0x00000078fc400000)]

siginfo: ExceptionCode=0xc0000005, writing address 0x00000078fc3f4000

Registers:
RAX=0x000000000000d0e0, RBX=0x00000000ef69a4e6, RCX=0x000001f893039a00, RDX=0x00000078fc3fee10
RSP=0x00000078fc3fed88, RBP=0x00000078fc3f1dc0, RSI=0x000000077b4d1718, RDI=0x000000077b4d0700
R8 =0x000001f897c89000, R9 =0x0000000000000001, R10=0x00000078fc3f1000, R11=0x00000078fc3f4000
R12=0x0000000000000000, R13=0x00000078fc3feff0, R14=0x000000077b4d04e8, R15=0x000001f893039800
RIP=0x00007ffea7f973e7, EFLAGS=0x0000000000010287

Top of Stack: (sp=0x00000078fc3fed88)
0x00000078fc3fed88:   00007ffea7f96d5c 0000000000000400
0x00000078fc3fed98:   00007ffea7f96d85 000001f893039800
0x00000078fc3feda8:   000000077b4d04e8 00000078fc3feff0
0x00000078fc3fedb8:   0000000000000000 00000078fc3fee50
0x00000078fc3fedc8:   000001f8f1fa48ef 0000000000000000
0x00000078fc3fedd8:   00000000ef69a4e6 000000077b4d1718
0x00000078fc3fede8:   000000077b4d0700 00000078fc3fee28
0x00000078fc3fedf8:   00000078fc3fee30 00000078fc3fee38
0x00000078fc3fee08:   00000000000003e8 000000077b4d06e0
0x00000078fc3fee18:   0000000000000002 000001f893039800
0x00000078fc3fee28:   000000077b4d0700 000000077b4d1718
0x00000078fc3fee38:   000000077b4d2730 00000078fc3fef08
0x00000078fc3fee48:   00007ffecfe6da55 000000077b4d04e8
0x00000078fc3fee58:   000001f8f1605e10 00000000000003e8
0x00000078fc3fee68:   0000000000000002 0000000000000000
0x00000078fc3fee78:   00007ffec962415a 000000077b4d0638 

Instructions: (pc=0x00007ffea7f973e7)
0x00007ffea7f973c7:   d0 4d 0f 42 d3 65 4c 8b 1c 25 10 00 00 00 4d 3b
0x00007ffea7f973d7:   d3 73 16 66 41 81 e2 00 f0 4d 8d 9b 00 f0 ff ff
0x00007ffea7f973e7:   41 c6 03 00 4d 3b d3 75 f0 4c 8b 14 24 4c 8b 5c
0x00007ffea7f973f7:   24 08 48 83 c4 10 c3 cc cc 48 83 ec 28 85 d2 74 


Register to memory mapping:

RAX=0x000000000000d0e0 is an unknown value
RBX=0x00000000ef69a4e6 is an unknown value
RCX=0x000001f893039a00 is an unknown value
RDX=0x00000078fc3fee10 is pointing into the stack for thread: 0x000001f893039800
RSP=0x00000078fc3fed88 is pointing into the stack for thread: 0x000001f893039800
RBP=0x00000078fc3f1dc0 is pointing into the stack for thread: 0x000001f893039800
RSI=0x000000077b4d1718 is an oop
[I 
 - klass: {type array int}
 - length: 1025
RDI=0x000000077b4d0700 is an oop
[I 
 - klass: {type array int}
 - length: 1025
R8 =0x000001f897c89000 is an unknown value
R9 =0x0000000000000001 is an unknown value
R10=0x00000078fc3f1000 is pointing into the stack for thread: 0x000001f893039800
R11=0x00000078fc3f4000 is pointing into the stack for thread: 0x000001f893039800
R12=0x0000000000000000 is an unknown value
R13=0x00000078fc3feff0 is pointing into the stack for thread: 0x000001f893039800
R14=0x000000077b4d04e8 is an oop
sun.nio.ch.WindowsSelectorImpl 
 - klass: 'sun/nio/ch/WindowsSelectorImpl'
 - ---- fields (total size 16 words):
 - private 'selectorOpen' 'Ljava/util/concurrent/atomic/AtomicBoolean;' @12  a 'java/util/concurrent/atomic/AtomicBoolean' (ef69a0ad d8c3eff6)
 - private final 'provider' 'Ljava/nio/channels/spi/SelectorProvider;' @16  a 'sun/nio/ch/WindowsSelectorProvider' (d8c3eff6 ef69a0af)
 - private final strict 'cancelledKeys' 'Ljava/util/Set;' @20  a 'java/util/HashSet' (ef69a0af ef70ce08)
 - private 'interruptor' 'Lsun/nio/ch/Interruptible;' @24  a 'java/nio/channels/spi/AbstractSelector$1' (ef70ce08 ef69a0bf)
 - protected strict 'selectedKeys' 'Ljava/util/Set;' @28  a 'java/util/HashSet' (ef69a0bf ef69a0b7)
 - protected strict 'keys' 'Ljava/util/HashSet;' @32  a 'java/util/HashSet' (ef69a0b7 ef69a0c7)
 - private strict 'publicKeys' 'Ljava/util/Set;' @36  a 'java/util/Collections$UnmodifiableSet' (ef69a0c7 ef69a0c9)
 - private strict 'publicSelectedKeys' 'Ljava/util/Set;' @40  a 'sun/nio/ch/Util$3' (ef69a0c9 8)
 - private final 'INIT_CAP' 'I' @44  8
 - private 'timeout' 'J' @48  1000 (3e8 0)
 - private 'updateCount' 'J' @56  0 (0 0)
 - private 'totalChannels' 'I' @64  1
 - private 'threadsCount' 'I' @68  0
 - private final 'wakeupSourceFd' 'I' @72  3624 (e28)
 - private final 'wakeupSinkFd' 'I' @76  4852 (12f4)
 - private volatile 'interruptTriggered' 'Z' @80  true
 - private 'channelArray' '[Lsun/nio/ch/SelectionKeyImpl;' @84  a 'sun/nio/ch/SelectionKeyImpl'[8]  (ef69a0cb ef69a6f1)
 - private 'pollWrapper' 'Lsun/nio/ch/PollArrayWrapper;' @88  a 'sun/nio/ch/PollArrayWrapper' (ef69a6f1 ef69a0d1)
 - private final strict 'threads' 'Ljava/util/List;' @92  a 'java/util/ArrayList' (ef69a0d1 ef69a6f9)
 - private final 'wakeupPipe' 'Ljava/nio/channels/Pipe;' @96  a 'sun/nio/ch/PipeImpl' (ef69a6f9 ef69a0d4)
 - private 'closeLock' 'Ljava/lang/Object;' @100  a 'java/lang/Object' (ef69a0d4 ef69a0d6)
 - private final 'fdMap' 'Lsun/nio/ch/WindowsSelectorImpl$FdMap;' @104  a 'sun/nio/ch/WindowsSelectorImpl$FdMap' (ef69a0d6 ef69a0dc)
 - private final 'subSelector' 'Lsun/nio/ch/WindowsSelectorImpl$SubSelector;' @108  a 'sun/nio/ch/WindowsSelectorImpl$SubSelector' (ef69a0dc ef69a6e9)
 - private final 'interruptLock' 'Ljava/lang/Object;' @112  a 'java/lang/Object' (ef69a6e9 ef69a6eb)
 - private final 'startLock' 'Lsun/nio/ch/WindowsSelectorImpl$StartLock;' @116  a 'sun/nio/ch/WindowsSelectorImpl$StartLock' (ef69a6eb ef69a6ee)
 - private final 'finishLock' 'Lsun/nio/ch/WindowsSelectorImpl$FinishLock;' @120  a 'sun/nio/ch/WindowsSelectorImpl$FinishLock' (ef69a6ee 0)
R15=0x000001f893039800 is a thread


Stack: [0x00000078fc300000,0x00000078fc400000],  sp=0x00000078fc3fed88,  free space=1019k
Native frames: (J=compiled Java code, j=interpreted, Vv=VM code, C=native code)
C  [nio.dll+0x73e7]
C  [nio.dll+0x6d85]
C  0x000001f8f1fa48ef

Java frames: (J=compiled Java code, j=interpreted, Vv=VM code)
J 6374  sun.nio.ch.WindowsSelectorImpl$SubSelector.poll0(JI[I[I[IJ)I (0 bytes) @ 0x000001f8f1fa4852 [0x000001f8f1fa47c0+0x92]
J 9126 C2 sun.nio.ch.SelectorImpl.select(J)I (34 bytes) @ 0x000001f8f1605e10 [0x000001f8f1605980+0x490]
J 10024 C2 org.apache.http.impl.nio.reactor.AbstractMultiworkerIOReactor$Worker.run()V (29 bytes) @ 0x000001f8f285f734 [0x000001f8f285f660+0xd4]
J 9769 C2 java.lang.Thread.run()V (17 bytes) @ 0x000001f8f1e573ac [0x000001f8f1e57360+0x4c]
v  ~StubRoutines::call_stub

---------------  P R O C E S S  ---------------

Java Threads: ( => current thread )
  0x000001f899c02800 JavaThread "Source: flink_source_Student[1] -> DropUpdateBefore[2] -> ConstraintEnforcer[3] -> Sink: flink_target_Student[3] (1/3)#259" [_thread_blocked, id=18308, stack(0x00000078fdf00000,0x00000078fe000000)]
=>0x000001f893039800 JavaThread "I/O dispatcher 6241" [_thread_in_native, id=16428, stack(0x00000078fc300000,0x00000078fc400000)]
  0x000001f89303f800 JavaThread "pool-787-thread-1" [_thread_blocked, id=21812, stack(0x00000078fc200000,0x00000078fc300000)]
  0x000001f89303d000 JavaThread "Source: flink_source_Student[1] -> DropUpdateBefore[2] -> ConstraintEnforcer[3] -> Sink: flink_target_Student[3] (2/3)#261" [_thread_blocked, id=3184, stack(0x00000078fc100000,0x00000078fc200000)]
  0x000001f899bfb000 JavaThread "CloseableReaperThread" daemon [_thread_blocked, id=20672, stack(0x00000078fa200000,0x00000078fa300000)]
  0x000001f89303e800 JavaThread "flink-akka.actor.default-dispatcher-10" [_thread_blocked, id=3568, stack(0x00000078f8900000,0x00000078f8a00000)]
  0x000001f899bff800 JavaThread "Flink-DispatcherRestEndpoint-thread-4" daemon [_thread_blocked, id=16032, stack(0x00000078fa100000,0x00000078fa200000)]
  0x000001f899bfe000 JavaThread "Flink-DispatcherRestEndpoint-thread-3" daemon [_thread_blocked, id=14712, stack(0x00000078fdd00000,0x00000078fde00000)]
  0x000001f88ce87000 JavaThread "jobmanager-future-thread-8" daemon [_thread_blocked, id=6600, stack(0x00000078fd600000,0x00000078fd700000)]
  0x000001f88cb10000 JavaThread "jobmanager-future-thread-7" daemon [_thread_blocked, id=15136, stack(0x00000078fca00000,0x00000078fcb00000)]
  0x000001f88cb0f000 JavaThread "jobmanager-future-thread-6" daemon [_thread_blocked, id=7160, stack(0x00000078fc000000,0x00000078fc100000)]
  0x000001f88cb0c000 JavaThread "jobmanager-future-thread-5" daemon [_thread_blocked, id=14908, stack(0x00000078fab00000,0x00000078fac00000)]
  0x000001f88cb0a000 JavaThread "flink-akka.actor.default-dispatcher-9" [_thread_blocked, id=20156, stack(0x00000078f8b00000,0x00000078f8c00000)]
  0x000001f88cb10800 JavaThread "Flink-DispatcherRestEndpoint-thread-2" daemon [_thread_blocked, id=6480, stack(0x00000078fd800000,0x00000078fd900000)]
  0x000001f88cb0e800 JavaThread "SourceCoordinator-Source: flink_source_Student[1]-worker-thread-1" daemon [_thread_blocked, id=19936, stack(0x00000078fd300000,0x00000078fd400000)]
  0x000001f88cb0d000 JavaThread "snapshot-splitting" [_thread_blocked, id=14728, stack(0x00000078fcf00000,0x00000078fd000000)]
  0x000001f88cb0b800 JavaThread "jobmanager-future-thread-4" daemon [_thread_blocked, id=12296, stack(0x00000078fd200000,0x00000078fd300000)]
  0x000001f88cb0a800 JavaThread "jobmanager-future-thread-3" daemon [_thread_blocked, id=12620, stack(0x00000078fd100000,0x00000078fd200000)]
  0x000001f88cb0d800 JavaThread "jobmanager-future-thread-2" daemon [_thread_blocked, id=12420, stack(0x00000078fd000000,0x00000078fd100000)]
  0x000001f88ce96000 JavaThread "pool-1-thread-1" [_thread_blocked, id=12752, stack(0x00000078fce00000,0x00000078fcf00000)]
  0x000001f88ce95800 JavaThread "jobmanager-future-thread-1" daemon [_thread_blocked, id=8296, stack(0x00000078fcd00000,0x00000078fce00000)]
  0x000001f88ce94800 JavaThread "DestroyJavaVM" [_thread_blocked, id=18700, stack(0x00000078f8c00000,0x00000078f8d00000)]
  0x000001f88ce94000 JavaThread "Checkpoint Timer" daemon [_thread_blocked, id=19688, stack(0x00000078fcc00000,0x00000078fcd00000)]
  0x000001f88ce8e000 JavaThread "SourceCoordinator-Source: flink_source_Student[1]" [_thread_blocked, id=6836, stack(0x00000078fcb00000,0x00000078fcc00000)]
  0x000001f88ce92800 JavaThread "connection-pool-47.120.73.205:3307 housekeeper" daemon [_thread_blocked, id=20040, stack(0x00000078fa700000,0x00000078fa800000)]
  0x000001f88ce8b000 JavaThread "mysql-cj-abandoned-connection-cleanup" daemon [_thread_blocked, id=11672, stack(0x00000078fc800000,0x00000078fc900000)]
  0x000001f88ce8c800 JavaThread "jobmanager_3-main-scheduler-thread-1" daemon [_thread_blocked, id=18852, stack(0x00000078fc700000,0x00000078fc800000)]
  0x000001f88ce91800 JavaThread "jobmanager-io-thread-1" daemon [_thread_blocked, id=9308, stack(0x00000078fc600000,0x00000078fc700000)]
  0x000001f88ce91000 JavaThread "taskmanager_0-main-scheduler-thread-1" daemon [_thread_blocked, id=19296, stack(0x00000078fc500000,0x00000078fc600000)]
  0x000001f88ce8b800 JavaThread "flink-akka.actor.default-dispatcher-8" [_thread_blocked, id=2080, stack(0x00000078fc400000,0x00000078fc500000)]
  0x000001f88ce88000 JavaThread "flink-akka.actor.default-dispatcher-6" [_thread_blocked, id=18476, stack(0x00000078fbf00000,0x00000078fc000000)]
  0x000001f88ce8a000 JavaThread "resourcemanager_1-main-scheduler-thread-1" daemon [_thread_blocked, id=3672, stack(0x00000078fbe00000,0x00000078fbf00000)]
  0x000001f88ce8d000 JavaThread "mini-cluster-io-thread-4" daemon [_thread_blocked, id=19580, stack(0x00000078fbd00000,0x00000078fbe00000)]
  0x000001f88ce88800 JavaThread "pool-2-thread-1" [_thread_blocked, id=3108, stack(0x00000078fbc00000,0x00000078fbd00000)]
  0x000001f88ce89800 JavaThread "mini-cluster-io-thread-3" daemon [_thread_blocked, id=17224, stack(0x00000078fbb00000,0x00000078fbc00000)]
  0x000001f892abc000 JavaThread "mini-cluster-io-thread-2" daemon [_thread_blocked, id=8704, stack(0x00000078fba00000,0x00000078fbb00000)]
  0x000001f892abb000 JavaThread "Flink-DispatcherRestEndpoint-thread-1" daemon [_thread_blocked, id=7856, stack(0x00000078fb900000,0x00000078fba00000)]
  0x000001f892ab9800 JavaThread "mini-cluster-io-thread-1" daemon [_thread_blocked, id=12100, stack(0x00000078fb800000,0x00000078fb900000)]
  0x000001f892aae000 JavaThread "flink-rest-server-netty-boss-thread-1" daemon [_thread_in_native, id=10656, stack(0x00000078faa00000,0x00000078fab00000)]
  0x000001f892abc800 JavaThread "Flink-MetricRegistry-thread-1" daemon [_thread_blocked, id=9560, stack(0x00000078fb700000,0x00000078fb800000)]
  0x000001f892aba000 JavaThread "IOManager reader thread #1" daemon [_thread_blocked, id=1612, stack(0x00000078fb600000,0x00000078fb700000)]
  0x000001f892ab2000 JavaThread "IOManager writer thread #1" daemon [_thread_blocked, id=21132, stack(0x00000078fb500000,0x00000078fb600000)]
  0x000001f892ab8800 JavaThread "Timer-2" daemon [_thread_blocked, id=5828, stack(0x00000078fb400000,0x00000078fb500000)]
  0x000001f892ab8000 JavaThread "Timer-1" daemon [_thread_blocked, id=12108, stack(0x00000078fb300000,0x00000078fb400000)]
  0x000001f892ab4000 JavaThread "BLOB Server listener at 51926" daemon [_thread_in_native, id=13348, stack(0x00000078fb200000,0x00000078fb300000)]
  0x000001f892ab7000 JavaThread "Timer-0" daemon [_thread_blocked, id=7280, stack(0x00000078fb100000,0x00000078fb200000)]
  0x000001f892ab5000 JavaThread "flink-metrics-10" [_thread_blocked_trans, id=10628, stack(0x00000078fae00000,0x00000078faf00000)]
  0x000001f88bed9000 JavaThread "flink-metrics-scheduler-1" [_thread_in_vm, id=12200, stack(0x00000078fa500000,0x00000078fa600000)]
  0x000001f88bedd800 JavaThread "flink-scheduler-1" [_thread_blocked, id=12944, stack(0x00000078fa000000,0x00000078fa100000)]
  0x000001f88bedb000 JavaThread "Service Thread" daemon [_thread_blocked, id=2360, stack(0x00000078f9e00000,0x00000078f9f00000)]
  0x000001f88abc9800 JavaThread "C1 CompilerThread3" daemon [_thread_blocked, id=10184, stack(0x00000078f9d00000,0x00000078f9e00000)]
  0x000001f88abc3800 JavaThread "C2 CompilerThread2" daemon [_thread_blocked, id=20692, stack(0x00000078f9c00000,0x00000078f9d00000)]
  0x000001f88abc0000 JavaThread "C2 CompilerThread1" daemon [_thread_blocked, id=13548, stack(0x00000078f9b00000,0x00000078f9c00000)]
  0x000001f88abb9000 JavaThread "C2 CompilerThread0" daemon [_thread_blocked, id=17600, stack(0x00000078f9a00000,0x00000078f9b00000)]
  0x000001f88abb7800 JavaThread "Attach Listener" daemon [_thread_blocked, id=10900, stack(0x00000078f9900000,0x00000078f9a00000)]
  0x000001f88abb6800 JavaThread "Signal Dispatcher" daemon [_thread_blocked, id=18588, stack(0x00000078f9800000,0x00000078f9900000)]
  0x000001f88ab34000 JavaThread "Finalizer" daemon [_thread_blocked, id=8908, stack(0x00000078f9700000,0x00000078f9800000)]
  0x000001f88ab0c800 JavaThread "Reference Handler" daemon [_thread_blocked, id=6012, stack(0x00000078f9600000,0x00000078f9700000)]

Other Threads:
  0x000001f88ab02800 VMThread [stack: 0x00000078f9500000,0x00000078f9600000] [id=14280]
  0x000001f88bf3f000 WatcherThread [stack: 0x00000078f9f00000,0x00000078fa000000] [id=12652]

VM state:synchronizing (normal execution)

VM Mutex/Monitor currently owned by a thread:  ([mutex/lock_event])
[0x000001f8ef567b10] Safepoint_lock - owner thread: 0x000001f88ab02800
[0x000001f8ef567b90] Threads_lock - owner thread: 0x000001f88ab02800

OutOfMemory and StackOverflow Exception counts:
OutOfMemoryError java_heap_errors=1

heap address: 0x00000006c5000000, size: 4016 MB, Compressed Oops mode: Zero based, Oop shift amount: 3
Narrow klass base: 0x0000000000000000, Narrow klass shift: 3
Compressed class space size: 1073741824 Address: 0x00000007c0000000

Heap:
 PSYoungGen      total 320000K, used 281702K [0x000000076c580000, 0x0000000783980000, 0x00000007c0000000)
  eden space 275456K, 90% used [0x000000076c580000,0x000000077b88b438,0x000000077d280000)
  from space 44544K, 73% used [0x0000000780e00000,0x0000000782e0e4b8,0x0000000783980000)
  to   space 52736K, 0% used [0x000000077d280000,0x000000077d280000,0x0000000780600000)
 ParOldGen       total 237056K, used 44846K [0x00000006c5000000, 0x00000006d3780000, 0x000000076c580000)
  object space 237056K, 18% used [0x00000006c5000000,0x00000006c7bcb918,0x00000006d3780000)
 Metaspace       used 99562K, capacity 106481K, committed 106624K, reserved 1140736K
  class space    used 14113K, capacity 15393K, committed 15488K, reserved 1048576K

Card table byte_map: [0x000001f8803c0000,0x000001f880ba0000] byte_map_base: 0x000001f87cd98000

Marking Bits: (ParMarkBitMap*) 0x00007ffe462170d0
 Begin Bits: [0x000001f8810e0000, 0x000001f884fa0000)
 End Bits:   [0x000001f884fa0000, 0x000001f888e60000)

Polling page: 0x000001f8f0f20000

CodeCache: size=245760Kb used=26029Kb max_used=26041Kb free=219730Kb
 bounds [0x000001f8f0f50000, 0x000001f8f28f0000, 0x000001f8fff50000]
 total_blobs=9128 nmethods=8320 adapters=720
 compilation: enabled

Compilation events (10 events):
Event: 603.438 Thread 0x000001f88abc0000 10218       4       akka.actor.LightArrayRevolverScheduler$TaskHolder::extractTask (141 bytes)
Event: 603.447 Thread 0x000001f88abc0000 nmethod 10218 0x000001f8f28dab10 code [0x000001f8f28dac60, 0x000001f8f28dae58]
Event: 603.526 Thread 0x000001f88abb9000 10219       4       akka.dispatch.MessageDispatcher::execute (6 bytes)
Event: 603.528 Thread 0x000001f88abb9000 nmethod 10219 0x000001f8f206ec10 code [0x000001f8f206ed60, 0x000001f8f206ede8]
Event: 605.356 Thread 0x000001f88abc3800 10220       4       java.util.concurrent.atomic.AtomicInteger::<init> (10 bytes)
Event: 605.357 Thread 0x000001f88abc3800 nmethod 10220 0x000001f8f2001610 code [0x000001f8f2001740, 0x000001f8f20017b8]
Event: 608.648 Thread 0x000001f88abc0000 10221       4       java.util.concurrent.ScheduledThreadPoolExecutor$ScheduledFutureTask::run (59 bytes)
Event: 608.670 Thread 0x000001f88abc0000 nmethod 10221 0x000001f8f28df3d0 code [0x000001f8f28df560, 0x000001f8f28dfa10]
Event: 610.186 Thread 0x000001f88abc9800 10222       3       java.util.Arrays::sort (24 bytes)
Event: 610.187 Thread 0x000001f88abc9800 nmethod 10222 0x000001f8f28da6d0 code [0x000001f8f28da840, 0x000001f8f28daa30]

GC Heap History (10 events):
Event: 313.584 GC heap before
{Heap before GC invocations=18 (full 4):
 PSYoungGen      total 360448K, used 356631K [0x000000076c580000, 0x0000000787700000, 0x00000007c0000000)
  eden space 320000K, 100% used [0x000000076c580000,0x000000077fe00000,0x000000077fe00000)
  from space 40448K, 90% used [0x000000077fe00000,0x00000007821c5c78,0x0000000782580000)
  to   space 45056K, 0% used [0x0000000784b00000,0x0000000784b00000,0x0000000787700000)
 ParOldGen       total 237056K, used 39163K [0x00000006c5000000, 0x00000006d3780000, 0x000000076c580000)
  object space 237056K, 16% used [0x00000006c5000000,0x00000006c763ef10,0x00000006d3780000)
 Metaspace       used 98860K, capacity 105891K, committed 106112K, reserved 1140736K
  class space    used 14108K, capacity 15392K, committed 15488K, reserved 1048576K
Event: 313.630 GC heap after
Heap after GC invocations=18 (full 4):
 PSYoungGen      total 347136K, used 36407K [0x000000076c580000, 0x0000000786f00000, 0x00000007c0000000)
  eden space 310272K, 0% used [0x000000076c580000,0x000000076c580000,0x000000077f480000)
  from space 36864K, 98% used [0x0000000784b00000,0x0000000786e8dc78,0x0000000786f00000)
  to   space 48640K, 0% used [0x0000000781000000,0x0000000781000000,0x0000000783f80000)
 ParOldGen       total 237056K, used 39171K [0x00000006c5000000, 0x00000006d3780000, 0x000000076c580000)
  object space 237056K, 16% used [0x00000006c5000000,0x00000006c7640f10,0x00000006d3780000)
 Metaspace       used 98860K, capacity 105891K, committed 106112K, reserved 1140736K
  class space    used 14108K, capacity 15392K, committed 15488K, reserved 1048576K
}
Event: 376.564 GC heap before
{Heap before GC invocations=19 (full 4):
 PSYoungGen      total 347136K, used 346679K [0x000000076c580000, 0x0000000786f00000, 0x00000007c0000000)
  eden space 310272K, 100% used [0x000000076c580000,0x000000077f480000,0x000000077f480000)
  from space 36864K, 98% used [0x0000000784b00000,0x0000000786e8dc78,0x0000000786f00000)
  to   space 48640K, 0% used [0x0000000781000000,0x0000000781000000,0x0000000783f80000)
 ParOldGen       total 237056K, used 39171K [0x00000006c5000000, 0x00000006d3780000, 0x000000076c580000)
  object space 237056K, 16% used [0x00000006c5000000,0x00000006c7640f10,0x00000006d3780000)
 Metaspace       used 98876K, capacity 105891K, committed 106112K, reserved 1140736K
  class space    used 14111K, capacity 15392K, committed 15488K, reserved 1048576K
Event: 376.740 GC heap after
Heap after GC invocations=19 (full 4):
 PSYoungGen      total 335872K, used 34680K [0x000000076c580000, 0x0000000784d80000, 0x00000007c0000000)
  eden space 301056K, 0% used [0x000000076c580000,0x000000076c580000,0x000000077eb80000)
  from space 34816K, 99% used [0x0000000781000000,0x00000007831de090,0x0000000783200000)
  to   space 28160K, 0% used [0x0000000783200000,0x0000000783200000,0x0000000784d80000)
 ParOldGen       total 237056K, used 39179K [0x00000006c5000000, 0x00000006d3780000, 0x000000076c580000)
  object space 237056K, 16% used [0x00000006c5000000,0x00000006c7642f10,0x00000006d3780000)
 Metaspace       used 98876K, capacity 105891K, committed 106112K, reserved 1140736K
  class space    used 14111K, capacity 15392K, committed 15488K, reserved 1048576K
}
Event: 434.168 GC heap before
{Heap before GC invocations=20 (full 4):
 PSYoungGen      total 335872K, used 335736K [0x000000076c580000, 0x0000000784d80000, 0x00000007c0000000)
  eden space 301056K, 100% used [0x000000076c580000,0x000000077eb80000,0x000000077eb80000)
  from space 34816K, 99% used [0x0000000781000000,0x00000007831de090,0x0000000783200000)
  to   space 28160K, 0% used [0x0000000783200000,0x0000000783200000,0x0000000784d80000)
 ParOldGen       total 237056K, used 39179K [0x00000006c5000000, 0x00000006d3780000, 0x000000076c580000)
  object space 237056K, 16% used [0x00000006c5000000,0x00000006c7642f10,0x00000006d3780000)
 Metaspace       used 99511K, capacity 106475K, committed 106624K, reserved 1140736K
  class space    used 14111K, capacity 15392K, committed 15488K, reserved 1048576K
Event: 434.205 GC heap after
Heap after GC invocations=20 (full 4):
 PSYoungGen      total 320512K, used 28144K [0x000000076c580000, 0x0000000784d80000, 0x00000007c0000000)
  eden space 292352K, 0% used [0x000000076c580000,0x000000076c580000,0x000000077e300000)
  from space 28160K, 99% used [0x0000000783200000,0x0000000784d7c0b0,0x0000000784d80000)
  to   space 51712K, 0% used [0x000000077e880000,0x000000077e880000,0x0000000781b00000)
 ParOldGen       total 237056K, used 44830K [0x00000006c5000000, 0x00000006d3780000, 0x000000076c580000)
  object space 237056K, 18% used [0x00000006c5000000,0x00000006c7bc7918,0x00000006d3780000)
 Metaspace       used 99511K, capacity 106475K, committed 106624K, reserved 1140736K
  class space    used 14111K, capacity 15392K, committed 15488K, reserved 1048576K
}
Event: 498.105 GC heap before
{Heap before GC invocations=21 (full 4):
 PSYoungGen      total 320512K, used 320496K [0x000000076c580000, 0x0000000784d80000, 0x00000007c0000000)
  eden space 292352K, 100% used [0x000000076c580000,0x000000077e300000,0x000000077e300000)
  from space 28160K, 99% used [0x0000000783200000,0x0000000784d7c0b0,0x0000000784d80000)
  to   space 51712K, 0% used [0x000000077e880000,0x000000077e880000,0x0000000781b00000)
 ParOldGen       total 237056K, used 44830K [0x00000006c5000000, 0x00000006d3780000, 0x000000076c580000)
  object space 237056K, 18% used [0x00000006c5000000,0x00000006c7bc7918,0x00000006d3780000)
 Metaspace       used 99517K, capacity 106475K, committed 106624K, reserved 1140736K
  class space    used 14112K, capacity 15392K, committed 15488K, reserved 1048576K
Event: 498.326 GC heap after
Heap after GC invocations=21 (full 4):
 PSYoungGen      total 319488K, used 35365K [0x000000076c580000, 0x0000000784180000, 0x00000007c0000000)
  eden space 283648K, 0% used [0x000000076c580000,0x000000076c580000,0x000000077da80000)
  from space 35840K, 98% used [0x000000077e880000,0x0000000780b09798,0x0000000780b80000)
  to   space 52736K, 0% used [0x0000000780e00000,0x0000000780e00000,0x0000000784180000)
 ParOldGen       total 237056K, used 44838K [0x00000006c5000000, 0x00000006d3780000, 0x000000076c580000)
  object space 237056K, 18% used [0x00000006c5000000,0x00000006c7bc9918,0x00000006d3780000)
 Metaspace       used 99517K, capacity 106475K, committed 106624K, reserved 1140736K
  class space    used 14112K, capacity 15392K, committed 15488K, reserved 1048576K
}
Event: 558.908 GC heap before
{Heap before GC invocations=22 (full 4):
 PSYoungGen      total 319488K, used 319013K [0x000000076c580000, 0x0000000784180000, 0x00000007c0000000)
  eden space 283648K, 100% used [0x000000076c580000,0x000000077da80000,0x000000077da80000)
  from space 35840K, 98% used [0x000000077e880000,0x0000000780b09798,0x0000000780b80000)
  to   space 52736K, 0% used [0x0000000780e00000,0x0000000780e00000,0x0000000784180000)
 ParOldGen       total 237056K, used 44838K [0x00000006c5000000, 0x00000006d3780000, 0x000000076c580000)
  object space 237056K, 18% used [0x00000006c5000000,0x00000006c7bc9918,0x00000006d3780000)
 Metaspace       used 99534K, capacity 106475K, committed 106624K, reserved 1140736K
  class space    used 14112K, capacity 15392K, committed 15488K, reserved 1048576K
Event: 558.944 GC heap after
Heap after GC invocations=22 (full 4):
 PSYoungGen      total 320000K, used 32825K [0x000000076c580000, 0x0000000783980000, 0x00000007c0000000)
  eden space 275456K, 0% used [0x000000076c580000,0x000000076c580000,0x000000077d280000)
  from space 44544K, 73% used [0x0000000780e00000,0x0000000782e0e4b8,0x0000000783980000)
  to   space 52736K, 0% used [0x000000077d280000,0x000000077d280000,0x0000000780600000)
 ParOldGen       total 237056K, used 44846K [0x00000006c5000000, 0x00000006d3780000, 0x000000076c580000)
  object space 237056K, 18% used [0x00000006c5000000,0x00000006c7bcb918,0x00000006d3780000)
 Metaspace       used 99534K, capacity 106475K, committed 106624K, reserved 1140736K
  class space    used 14112K, capacity 15392K, committed 15488K, reserved 1048576K
}

Deoptimization events (10 events):
Event: 461.319 Thread 0x000001f899c02800 Uncommon trap: reason=array_check action=maybe_recompile pc=0x000001f8f1d018d4 method=java.util.stream.Nodes$FixedNodeBuilder.accept(Ljava/lang/Object;)V @ 28
Event: 461.319 Thread 0x000001f899c02800 Uncommon trap: reason=array_check action=maybe_recompile pc=0x000001f8f1d018d4 method=java.util.stream.Nodes$FixedNodeBuilder.accept(Ljava/lang/Object;)V @ 28
Event: 461.327 Thread 0x000001f899c02800 Uncommon trap: reason=array_check action=maybe_recompile pc=0x000001f8f1d018d4 method=java.util.stream.Nodes$FixedNodeBuilder.accept(Ljava/lang/Object;)V @ 28
Event: 461.327 Thread 0x000001f899c02800 Uncommon trap: reason=array_check action=maybe_recompile pc=0x000001f8f1d018d4 method=java.util.stream.Nodes$FixedNodeBuilder.accept(Ljava/lang/Object;)V @ 28
Event: 610.170 Thread 0x000001f89303e800 Uncommon trap: reason=unloaded action=reinterpret pc=0x000001f8f2706600 method=org.apache.flink.runtime.rpc.akka.AkkaRpcActor.handleRpcInvocation(Lorg/apache/flink/runtime/rpc/messages/RpcInvocation;)V @ 156
Event: 610.174 Thread 0x000001f89303e800 Uncommon trap: reason=unstable_if action=reinterpret pc=0x000001f8f15f3d30 method=scala.concurrent.impl.Promise$.resolver(Ljava/lang/Throwable;)Lscala/util/Try; @ 104
Event: 610.175 Thread 0x000001f89303e800 Uncommon trap: reason=bimorphic action=maybe_recompile pc=0x000001f8f131d8cc method=java.lang.Throwable.getLocalizedMessage()Ljava/lang/String; @ 1
Event: 610.182 Thread 0x000001f89303e800 Uncommon trap: reason=bimorphic action=maybe_recompile pc=0x000001f8f131d8cc method=java.lang.Throwable.getLocalizedMessage()Ljava/lang/String; @ 1
Event: 610.182 Thread 0x000001f89303e800 Uncommon trap: reason=bimorphic action=maybe_recompile pc=0x000001f8f131d8cc method=java.lang.Throwable.getLocalizedMessage()Ljava/lang/String; @ 1
Event: 610.184 Thread 0x000001f88cb0a000 Uncommon trap: reason=speculate_class_check action=maybe_recompile pc=0x000001f8f284e99c method=org.apache.flink.util.SerializedThrowable.getClassNameAndMessageOrError(Ljava/lang/Throwable;)Ljava/lang/String; @ 9

Classes redefined (0 events):
No events

Internal exceptions (10 events):
Event: 582.314 Thread 0x000001f89303f800 Exception <a 'java/lang/InterruptedException'> (0x0000000773636b60) thrown at [C:\jenkins\workspace\8-2-build-windows-x64-cygwin-sans-NAS\jdk8u411\893\hotspot\src\share\vm\runtime\objectMonitor.cpp, line 1686]
Event: 584.346 Thread 0x000001f899bfc800 Exception <a 'java/lang/InterruptedException'> (0x00000007740aac50) thrown at [C:\jenkins\workspace\8-2-build-windows-x64-cygwin-sans-NAS\jdk8u411\893\hotspot\src\share\vm\runtime\objectMonitor.cpp, line 1686]
Event: 586.389 Thread 0x000001f89303b000 Exception <a 'java/lang/InterruptedException'> (0x0000000774b02510) thrown at [C:\jenkins\workspace\8-2-build-windows-x64-cygwin-sans-NAS\jdk8u411\893\hotspot\src\share\vm\runtime\objectMonitor.cpp, line 1686]
Event: 588.467 Thread 0x000001f899bfb000 Exception <a 'java/lang/InterruptedException'> (0x00000007755a5fd0) thrown at [C:\jenkins\workspace\8-2-build-windows-x64-cygwin-sans-NAS\jdk8u411\893\hotspot\src\share\vm\runtime\objectMonitor.cpp, line 1686]
Event: 590.512 Thread 0x000001f89303a000 Exception <a 'java/lang/InterruptedException'> (0x0000000776043f28) thrown at [C:\jenkins\workspace\8-2-build-windows-x64-cygwin-sans-NAS\jdk8u411\893\hotspot\src\share\vm\runtime\objectMonitor.cpp, line 1686]
Event: 592.635 Thread 0x000001f899bfb000 Exception <a 'java/lang/InterruptedException'> (0x0000000776a9ed38) thrown at [C:\jenkins\workspace\8-2-build-windows-x64-cygwin-sans-NAS\jdk8u411\893\hotspot\src\share\vm\runtime\objectMonitor.cpp, line 1686]
Event: 594.717 Thread 0x000001f89303a000 Exception <a 'java/lang/InterruptedException'> (0x00000007774e8768) thrown at [C:\jenkins\workspace\8-2-build-windows-x64-cygwin-sans-NAS\jdk8u411\893\hotspot\src\share\vm\runtime\objectMonitor.cpp, line 1686]
Event: 596.785 Thread 0x000001f899bfc800 Exception <a 'java/lang/InterruptedException'> (0x0000000777f75330) thrown at [C:\jenkins\workspace\8-2-build-windows-x64-cygwin-sans-NAS\jdk8u411\893\hotspot\src\share\vm\runtime\objectMonitor.cpp, line 1686]
Event: 598.937 Thread 0x000001f89303a000 Exception <a 'java/lang/InterruptedException'> (0x0000000778a25480) thrown at [C:\jenkins\workspace\8-2-build-windows-x64-cygwin-sans-NAS\jdk8u411\893\hotspot\src\share\vm\runtime\objectMonitor.cpp, line 1686]
Event: 610.166 Thread 0x000001f89303e800 Exception <a 'java/lang/OutOfMemoryError': unable to create new native thread> (0x000000077b6cec80) thrown at [C:\jenkins\workspace\8-2-build-windows-x64-cygwin-sans-NAS\jdk8u411\893\hotspot\src\share\vm\prims\jvm.cpp, line 3164]

Events (10 events):
Event: 610.182 Thread 0x000001f89303e800 DEOPT PACKING pc=0x000001f8f131d8cc sp=0x00000078f89fe090
Event: 610.182 Thread 0x000001f89303e800 DEOPT UNPACKING pc=0x000001f8f0f958c3 sp=0x00000078f89fe020 mode 2
Event: 610.182 Thread 0x000001f89303e800 Uncommon trap: trap_request=0xffffffc6 fr.pc=0x000001f8f131d8cc
Event: 610.182 Thread 0x000001f89303e800 DEOPT PACKING pc=0x000001f8f131d8cc sp=0x00000078f89fe560
Event: 610.182 Thread 0x000001f89303e800 DEOPT UNPACKING pc=0x000001f8f0f958c3 sp=0x00000078f89fe4f0 mode 2
Event: 610.183 Executing VM operation: BulkRevokeBias
Event: 610.184 Executing VM operation: BulkRevokeBias done
Event: 610.184 Thread 0x000001f88cb0a000 Uncommon trap: trap_request=0xffffff76 fr.pc=0x000001f8f284e99c
Event: 610.184 Thread 0x000001f88cb0a000 DEOPT PACKING pc=0x000001f8f284e99c sp=0x00000078f8bfe550
Event: 610.184 Thread 0x000001f88cb0a000 DEOPT UNPACKING pc=0x000001f8f0f958c3 sp=0x00000078f8bfe520 mode 2


Dynamic libraries:
0x00007ff6ce2a0000 - 0x00007ff6ce2ea000 	D:\Java\jre-1.8\bin\java.exe
0x00007ffed2af0000 - 0x00007ffed2d07000 	C:\WINDOWS\SYSTEM32\ntdll.dll
0x00007ffed1570000 - 0x00007ffed1634000 	C:\WINDOWS\System32\KERNEL32.DLL
0x00007ffed0030000 - 0x00007ffed03dc000 	C:\WINDOWS\System32\KERNELBASE.dll
0x00007ffed1740000 - 0x00007ffed17f2000 	C:\WINDOWS\System32\ADVAPI32.dll
0x00007ffed2840000 - 0x00007ffed28e7000 	C:\WINDOWS\System32\msvcrt.dll
0x00007ffed09d0000 - 0x00007ffed0a7a000 	C:\WINDOWS\System32\sechost.dll
0x00007ffed0000000 - 0x00007ffed0028000 	C:\WINDOWS\System32\bcrypt.dll
0x00007ffed2720000 - 0x00007ffed2835000 	C:\WINDOWS\System32\RPCRT4.dll
0x00007ffed13c0000 - 0x00007ffed156e000 	C:\WINDOWS\System32\USER32.dll
0x00007ffed05a0000 - 0x00007ffed05c6000 	C:\WINDOWS\System32\win32u.dll
0x00007ffed1d90000 - 0x00007ffed1db9000 	C:\WINDOWS\System32\GDI32.dll
0x00007ffed03e0000 - 0x00007ffed04f9000 	C:\WINDOWS\System32\gdi32full.dll
0x00007ffed0500000 - 0x00007ffed059a000 	C:\WINDOWS\System32\msvcp_win.dll
0x00007ffed0650000 - 0x00007ffed0761000 	C:\WINDOWS\System32\ucrtbase.dll
0x00007ffebef70000 - 0x00007ffebf203000 	C:\WINDOWS\WinSxS\amd64_microsoft.windows.common-controls_6595b64144ccf1df_6.0.22621.3672_none_2713b9d173822955\COMCTL32.dll
0x00007ffed0830000 - 0x00007ffed0861000 	C:\WINDOWS\System32\IMM32.DLL
0x00007ffec5670000 - 0x00007ffec568b000 	D:\Java\jre-1.8\bin\vcruntime140.dll
0x00007ffec9620000 - 0x00007ffec962c000 	D:\Java\jre-1.8\bin\vcruntime140_1.dll
0x00007ffe8cf30000 - 0x00007ffe8cfbe000 	D:\Java\jre-1.8\bin\msvcp140.dll
0x00007ffe459e0000 - 0x00007ffe46291000 	D:\Java\jre-1.8\bin\server\jvm.dll
0x00007ffed1dc0000 - 0x00007ffed1dc8000 	C:\WINDOWS\System32\PSAPI.DLL
0x00007ffec6f60000 - 0x00007ffec6f6a000 	C:\WINDOWS\SYSTEM32\VERSION.dll
0x00007ffea3bd0000 - 0x00007ffea3bd9000 	C:\WINDOWS\SYSTEM32\WSOCK32.dll
0x00007ffec7280000 - 0x00007ffec72b4000 	C:\WINDOWS\SYSTEM32\WINMM.dll
0x00007ffed1f70000 - 0x00007ffed1fe1000 	C:\WINDOWS\System32\WS2_32.dll
0x00007ffecef00000 - 0x00007ffecef18000 	C:\WINDOWS\SYSTEM32\kernel.appcore.dll
0x00007ffec9960000 - 0x00007ffec9970000 	D:\Java\jre-1.8\bin\verify.dll
0x00007ffec5640000 - 0x00007ffec566b000 	D:\Java\jre-1.8\bin\java.dll
0x00007ffec5380000 - 0x00007ffec5398000 	D:\Java\jre-1.8\bin\zip.dll
0x00007ffed0a80000 - 0x00007ffed12dc000 	C:\WINDOWS\System32\SHELL32.dll
0x00007ffecdd20000 - 0x00007ffece617000 	C:\WINDOWS\SYSTEM32\windows.storage.dll
0x00007ffed1900000 - 0x00007ffed1c88000 	C:\WINDOWS\System32\combase.dll
0x00007ffecdbe0000 - 0x00007ffecdd1f000 	C:\WINDOWS\SYSTEM32\wintypes.dll
0x00007ffed1800000 - 0x00007ffed18f4000 	C:\WINDOWS\System32\SHCORE.dll
0x00007ffed1360000 - 0x00007ffed13be000 	C:\WINDOWS\System32\shlwapi.dll
0x00007ffecfd50000 - 0x00007ffecfd71000 	C:\WINDOWS\SYSTEM32\profapi.dll
0x00007ffebb860000 - 0x00007ffebb87c000 	D:\Java\jre-1.8\bin\net.dll
0x00007ffecf360000 - 0x00007ffecf3c9000 	C:\WINDOWS\system32\mswsock.dll
0x00007ffea7f90000 - 0x00007ffea7fa3000 	D:\Java\jre-1.8\bin\nio.dll
0x00007ffecf570000 - 0x00007ffecf58b000 	C:\WINDOWS\SYSTEM32\CRYPTSP.dll
0x00007ffecee60000 - 0x00007ffecee95000 	C:\WINDOWS\system32\rsaenh.dll
0x00007ffecf410000 - 0x00007ffecf438000 	C:\WINDOWS\SYSTEM32\USERENV.dll
0x00007ffed05d0000 - 0x00007ffed064b000 	C:\WINDOWS\System32\bcryptprimitives.dll
0x00007ffecf590000 - 0x00007ffecf59c000 	C:\WINDOWS\SYSTEM32\CRYPTBASE.dll
0x00007ffece880000 - 0x00007ffece8ad000 	C:\WINDOWS\SYSTEM32\IPHLPAPI.DLL
0x00007ffed1660000 - 0x00007ffed1669000 	C:\WINDOWS\System32\NSI.dll
0x00007ffec9970000 - 0x00007ffec9989000 	C:\WINDOWS\SYSTEM32\dhcpcsvc6.DLL
0x00007ffec9810000 - 0x00007ffec982f000 	C:\WINDOWS\SYSTEM32\dhcpcsvc.DLL
0x00007ffece920000 - 0x00007ffecea18000 	C:\WINDOWS\SYSTEM32\DNSAPI.dll
0x00007ffec9590000 - 0x00007ffec959d000 	D:\Java\jre-1.8\bin\management.dll
0x00007ffeadda0000 - 0x00007ffeaddb7000 	C:\WINDOWS\system32\napinsp.dll
0x00007ffeadd80000 - 0x00007ffeadd9b000 	C:\WINDOWS\system32\pnrpnsp.dll
0x00007ffea7b50000 - 0x00007ffea7b61000 	C:\WINDOWS\System32\winrnr.dll
0x00007ffea7b30000 - 0x00007ffea7b45000 	C:\WINDOWS\system32\wshbth.dll
0x00007ffea7b00000 - 0x00007ffea7b27000 	C:\WINDOWS\system32\nlansp_c.dll
0x00007ffec6f50000 - 0x00007ffec6f5a000 	C:\Windows\System32\rasadhlp.dll
0x00007ffec71f0000 - 0x00007ffec7273000 	C:\WINDOWS\System32\fwpuclnt.dll
0x00007ffea7a20000 - 0x00007ffea7a45000 	D:\Java\jre-1.8\bin\sunec.dll
0x00007ffec6b80000 - 0x00007ffec6b8e000 	D:\Java\jre-1.8\bin\sunmscapi.dll
0x00007ffecfe20000 - 0x00007ffecff87000 	C:\WINDOWS\System32\CRYPT32.dll
0x00007ffecf7d0000 - 0x00007ffecf7fe000 	C:\WINDOWS\SYSTEM32\ncrypt.dll
0x00007ffecf790000 - 0x00007ffecf7c7000 	C:\WINDOWS\SYSTEM32\NTASN1.dll
0x00007ffecd8a0000 - 0x00007ffecdad2000 	C:\WINDOWS\SYSTEM32\dbghelp.dll
0x00007ffed1ff0000 - 0x00007ffed20c7000 	C:\WINDOWS\System32\OLEAUT32.dll

VM Arguments:
java_command: com.demo.flink.FlinkCdcMySql CREATE DATABASE IF NOT EXISTS flink_source CREATE TABLE flink_source.flink_source_Student (
  `student_id` int,
  `student_type` varchar(50),
  `gender` varchar(50),
  `ethnicity` varchar(50),
  `birth_str` varchar(10),
  `education_level` varchar(50),
  `political_status` varchar(50),
  `hometown` varchar(100),
  `gaokao_score` int,
  `grade` int,
  `class` int,
  PRIMARY KEY (`student_id`) NOT ENFORCED
) WITH (
  'connector'  = 'mysql-cdc',
  'hostname'   = '47.120.73.205',
  'port'   = '3307',
  'database-name'   = 'source',
  'table-name' = 'Student',
  'username'   = 'root',
  'password'   = '2024'
) CREATE TABLE flink_source.flink_target_Student (
  `student_id` int,
  `student_type` varchar(50),
  `gender` varchar(50),
  `ethnicity` varchar(50),
  `birth_str` varchar(10),
  `education_level` varchar(50),
  `political_status` varchar(50),
  `hometown` varchar(100),
  `gaokao_score` int,
  `grade` int,
  `class` int,
  PRIMARY KEY (`student_id`) NOT ENFORCED
) WITH (
  'connector'  = 'elasticsearch-7',
  'hosts'     = 'http://47.120.73.205:9200',
  'index'        = '1_source_student_index'
) INSERT INTO flink_source.flink_target_Student select * from flink_source.flink_source_Student

java_class_path (initial): mysql2es.jar;flink_libs/aggs-matrix-stats-client-7.10.2.jar;flink_libs/awaitility-4.0.1.jar;flink_libs/chill-java-0.7.6.jar;flink_libs/commons-cli-1.5.0.jar;flink_libs/commons-codec-1.11.jar;flink_libs/commons-collections-3.2.2.jar;flink_libs/commons-compress-1.21.jar;flink_libs/commons-io-2.11.0.jar;flink_libs/commons-lang3-3.3.2.jar;flink_libs/commons-logging-1.1.3.jar;flink_libs/commons-math3-3.6.1.jar;flink_libs/compiler-0.9.6.jar;flink_libs/elasticsearch-7.10.2.jar;flink_libs/elasticsearch-cli-7.10.2.jar;flink_libs/elasticsearch-core-7.10.2.jar;flink_libs/elasticsearch-geo-7.10.2.jar;flink_libs/elasticsearch-rest-client-7.10.2.jar;flink_libs/elasticsearch-rest-high-level-client-7.10.2.jar;flink_libs/elasticsearch-secure-sm-7.10.2.jar;flink_libs/elasticsearch-x-content-7.10.2.jar;flink_libs/flink-annotations-1.16.0.jar;flink_libs/flink-cep-1.16.0.jar;flink_libs/flink-clients-1.16.0.jar;flink_libs/flink-connector-base-1.16.0.jar;flink_libs/flink-connector-elasticsearch-base-1.16.0.jar;flink_libs/flink-connector-elasticsearch7-1.16.0.jar;flink_libs/flink-connector-jdbc-1.16.0.jar;flink_libs/flink-core-1.16.0.jar;flink_libs/flink-file-sink-common-1.16.0.jar;flink_libs/flink-hadoop-fs-1.16.0.jar;flink_libs/flink-java-1.16.0.jar;flink_libs/flink-json-1.16.0.jar;flink_libs/flink-metrics-core-1.16.0.jar;flink_libs/flink-optimizer-1.16.0.jar;flink_libs/flink-queryable-state-client-java-1.16.0.jar;flink_libs/flink-rpc-akka-loader-1.16.0.jar;flink_libs/flink-rpc-core-1.16.0.jar;flink_libs/flink-runtime-1.16.0.jar;flink_libs/flink-shaded-asm-9-9.2-15.0.jar;flink_libs/flink-shaded-force-shading-15.0.jar;flink_libs/flink-shaded-guava-30.1.1-jre-15.0.jar;flink_libs/flink-shaded-jackson-2.12.4-15.0.jar;flink_libs/flink-shaded-netty-4.1.70.Final-15.0.jar;flink_libs/flink-shaded-zookeeper-3-3.5.9-15.0.jar;flink_libs/flink-sql-connector-mysql-cdc-2.3.0.jar;flink_libs/flink-streaming-java-1.16.0.jar;flink_libs/flink-table-api-bridge-base-1.16.0.jar;fli
Launcher Type: SUN_STANDARD

Environment Variables:
JAVA_HOME=D:\Java\jdk-1.8
CLASSPATH=.;D:\Java\jdk-1.8\lib;D:\Java\jdk-1.8\lib\tools.jar
PATH=C:\Program Files (x86)\Common Files\Oracle\Java\java8path;C:\Program Files (x86)\Common Files\Oracle\Java\javapath;D:\NVIDIA\CUDA Development\bin;D:\NVIDIA\CUDA Development\libnvvp;D:\VMware Player\bin\;C:\Windows\system32;C:\Windows;C:\Windows\System32\Wbem;C:\Windows\System32\WindowsPowerShell\v1.0\;C:\Windows\System32\OpenSSH\;C:\WINDOWS\system32;C:\WINDOWS;C:\WINDOWS\System32\Wbem;C:\WINDOWS\System32\WindowsPowerShell\v1.0\;C:\WINDOWS\System32\OpenSSH\;D:\mingw64\bin;D:\NetSarang\Xshell 7\;D:\NetSarang\Xftp 7\;D:\Git\cmd;C:\Users\22868\.cargo\bin;C:\Program Files\NVIDIA Corporation\Nsight Compute 2022.1.0\;D:\NVIDIA\CUDA Development\include;D:\Java\jdk-1.8\bin;D:\Maven\apache-maven-3.9.6\bin;D:\GO\go1.20.6.windows-amd64\go\bin;%MAVEN_HOME %\bin;C:\Users\22868\.cargo\bin;D:\Environment\anaconda3;D:\Environment\anaconda3\Library\mingw-w64\bin;D:\Environment\anaconda3\Library\usr\bin;D:\Environment\anaconda3\Library\bin;D:\Environment\anaconda3\Scripts;C:\Users\22868\AppData\Local\Microsoft\WindowsApps;D:\IDE\Microsoft VS Code\bin;D:\IDE\PyCharm Community Edition 2023.3.3\bin;;D:\IDE\IntelliJ IDEA 2023.3.4\bin;;D:\IDE\GoLand 2024.1.1\bin;;D:\GO\go1.20.6.windows-amd64\go\bin
USERNAME=22868
OS=Windows_NT
PROCESSOR_IDENTIFIER=Intel64 Family 6 Model 140 Stepping 1, GenuineIntel



---------------  S Y S T E M  ---------------

OS: Windows 11 , 64 bit Build 22621 (10.0.22621.3672)

CPU:total 8 (initial active 8) (4 cores per cpu, 2 threads per core) family 6 model 140 stepping 1, cmov, cx8, fxsr, mmx, sse, sse2, sse3, ssse3, sse4.1, sse4.2, popcnt, avx, avx2, aes, clmul, erms, 3dnowpref, lzcnt, ht, tsc, tscinvbit, bmi1, bmi2, adx

Memory: 4k page, physical 16448380k(1265712k free), swap 34709412k(2362976k free)

vm_info: Java HotSpot(TM) 64-Bit Server VM (25.411-b09) for windows-amd64 JRE (1.8.0_411-b09), built on Mar 13 2024 07:26:13 by "java_re" with MS VC++ 17.1 (VS2022)

time: Mon Jun 17 13:28:20 2024
timezone: Intel64 Family 6 Model 140 Stepping 1, GenuineIntel
elapsed time: 610.558156 seconds (0d 0h 10m 10s)

