#
# There is insufficient memory for the Java Runtime Environment to continue.
# Native memory allocation (malloc) failed to allocate 32744 bytes for ChunkPool::allocate
# Possible reasons:
#   The system is out of physical RAM or swap space
#   The process is running with CompressedOops enabled, and the Java Heap may be blocking the growth of the native heap
# Possible solutions:
#   Reduce memory load on the system
#   Increase physical memory or swap space
#   Check if swap backing store is full
#   Decrease Java heap size (-Xmx/-Xms)
#   Decrease number of Java threads
#   Decrease Java thread stack sizes (-Xss)
#   Set larger code cache with -XX:ReservedCodeCacheSize=
#   JVM is running with Zero Based Compressed Oops mode in which the Java heap is
#     placed in the first 32GB address space. The Java Heap base address is the
#     maximum limit for the native heap growth. Please use -XX:HeapBaseMinAddress
#     to set the Java Heap base and to place the Java Heap above 32GB virtual address.
# This output file may be truncated or incomplete.
#
#  Out of Memory Error (allocation.cpp:272), pid=1092, tid=0x0000000000002390
#
# JRE version: Java(TM) SE Runtime Environment (8.0_411) (build 1.8.0_411-b09)
# Java VM: Java HotSpot(TM) 64-Bit Server VM (25.411-b09 mixed mode windows-amd64 compressed oops)
# Failed to write core dump. Minidumps are not enabled by default on client versions of Windows
#

---------------  T H R E A D  ---------------

Current thread (0x00000248fc4ec000):  JavaThread "main" [_thread_in_vm, id=9104, stack(0x000000a022700000,0x000000a022800000)]

Stack: [0x000000a022700000,0x000000a022800000]
Native frames: (J=compiled Java code, j=interpreted, Vv=VM code, C=native code)
V  [jvm.dll+0x3540d9]

Java frames: (J=compiled Java code, j=interpreted, Vv=VM code)
J 856  java.lang.ClassLoader.defineClass1(Ljava/lang/String;[BIILjava/security/ProtectionDomain;Ljava/lang/String;)Ljava/lang/Class; (0 bytes) @ 0x00000248803360df [0x0000024880336040+0x9f]
J 913 C1 java.lang.ClassLoader.defineClass(Ljava/lang/String;[BIILjava/security/ProtectionDomain;)Ljava/lang/Class; (43 bytes) @ 0x00000248803564ac [0x0000024880355ec0+0x5ec]
J 830 C1 java.net.URLClassLoader.defineClass(Ljava/lang/String;Lsun/misc/Resource;)Ljava/lang/Class; (142 bytes) @ 0x000002488031fe74 [0x000002488031e2c0+0x1bb4]
J 622 C1 java.net.URLClassLoader$1.run()Ljava/lang/Class; (81 bytes) @ 0x00000248802727ac [0x00000248802724c0+0x2ec]
J 621 C1 java.net.URLClassLoader$1.run()Ljava/lang/Object; (5 bytes) @ 0x000002488027210c [0x0000024880272080+0x8c]
v  ~StubRoutines::call_stub
J 177  java.security.AccessController.doPrivileged(Ljava/security/PrivilegedExceptionAction;Ljava/security/AccessControlContext;)Ljava/lang/Object; (0 bytes) @ 0x00000248801783e6 [0x0000024880178380+0x66]
J 2318 C2 java.net.URLClassLoader.findClass(Ljava/lang/String;)Ljava/lang/Class; (47 bytes) @ 0x00000248807aba3c [0x00000248807ab9a0+0x9c]
J 2459 C1 java.lang.ClassLoader.loadClass(Ljava/lang/String;Z)Ljava/lang/Class; (122 bytes) @ 0x0000024880816df4 [0x0000024880816480+0x974]
J 960 C1 org.apache.flink.core.classloading.ComponentClassLoader.loadClass(Ljava/lang/String;Z)Ljava/lang/Class; (166 bytes) @ 0x0000024880374b6c [0x0000024880372a80+0x20ec]
J 411 C1 java.lang.ClassLoader.loadClass(Ljava/lang/String;)Ljava/lang/Class; (7 bytes) @ 0x00000248801f628c [0x00000248801f6180+0x10c]
v  ~StubRoutines::call_stub
j  org.apache.calcite.rel.rules.materialize.MaterializedViewRules.<clinit>()V+22
v  ~StubRoutines::call_stub
j  org.apache.calcite.plan.RelOptRules.<clinit>()V+372
v  ~StubRoutines::call_stub
j  org.apache.calcite.tools.Programs.<clinit>()V+16
v  ~StubRoutines::call_stub
j  org.apache.flink.table.planner.plan.optimize.program.FlinkVolcanoProgram.optimize(Lorg/apache/calcite/rel/RelNode;Lorg/apache/flink/table/planner/plan/optimize/program/FlinkOptimizeContext;)Lorg/apache/calcite/rel/RelNode;+76
j  org.apache.flink.table.planner.plan.optimize.program.FlinkChainedProgram.$anonfun$optimize$1(Lorg/apache/flink/table/planner/plan/optimize/program/FlinkChainedProgram;Lorg/apache/flink/table/planner/plan/optimize/program/FlinkOptimizeContext;Lorg/apache/calcite/rel/RelNode;Ljava/lang/String;)Lorg/apache/calcite/rel/RelNode;+27
j  org.apache.flink.table.planner.plan.optimize.program.FlinkChainedProgram$$Lambda$836.apply(Ljava/lang/Object;Ljava/lang/Object;)Ljava/lang/Object;+16
j  scala.collection.TraversableOnce.$anonfun$foldLeft$1(Lscala/Function2;Lscala/runtime/ObjectRef;Ljava/lang/Object;)V+7
j  scala.collection.TraversableOnce.$anonfun$foldLeft$1$adapted(Lscala/Function2;Lscala/runtime/ObjectRef;Ljava/lang/Object;)Ljava/lang/Object;+3
j  scala.collection.TraversableOnce$$Lambda$837.apply(Ljava/lang/Object;)Ljava/lang/Object;+9
j  scala.collection.Iterator.foreach(Lscala/Function1;)V+16
j  scala.collection.Iterator.foreach$(Lscala/collection/Iterator;Lscala/Function1;)V+2
j  scala.collection.AbstractIterator.foreach(Lscala/Function1;)V+2
j  scala.collection.IterableLike.foreach(Lscala/Function1;)V+7
j  scala.collection.IterableLike.foreach$(Lscala/collection/IterableLike;Lscala/Function1;)V+2
j  scala.collection.AbstractIterable.foreach(Lscala/Function1;)V+2
j  scala.collection.TraversableOnce.foldLeft(Ljava/lang/Object;Lscala/Function2;)Ljava/lang/Object;+13
j  scala.collection.TraversableOnce.foldLeft$(Lscala/collection/TraversableOnce;Ljava/lang/Object;Lscala/Function2;)Ljava/lang/Object;+3
j  scala.collection.AbstractTraversable.foldLeft(Ljava/lang/Object;Lscala/Function2;)Ljava/lang/Object;+3
j  org.apache.flink.table.planner.plan.optimize.program.FlinkChainedProgram.optimize(Lorg/apache/calcite/rel/RelNode;Lorg/apache/flink/table/planner/plan/optimize/program/FlinkOptimizeContext;)Lorg/apache/calcite/rel/RelNode;+18
j  org.apache.flink.table.planner.plan.optimize.StreamCommonSubGraphBasedOptimizer.optimizeTree(Lorg/apache/calcite/rel/RelNode;ZLorg/apache/flink/table/planner/plan/trait/MiniBatchInterval;Z)Lorg/apache/calcite/rel/RelNode;+69
j  org.apache.flink.table.planner.plan.optimize.StreamCommonSubGraphBasedOptimizer.doOptimize(Lscala/collection/Seq;)Lscala/collection/Seq;+67
j  org.apache.flink.table.planner.plan.optimize.CommonSubGraphBasedOptimizer.optimize(Lscala/collection/Seq;)Lscala/collection/Seq;+46
j  org.apache.flink.table.planner.delegation.PlannerBase.optimize(Lscala/collection/Seq;)Lscala/collection/Seq;+5
j  org.apache.flink.table.planner.delegation.PlannerBase.translate(Ljava/util/List;)Ljava/util/List;+56
j  org.apache.flink.table.api.internal.TableEnvironmentImpl.translate(Ljava/util/List;)Ljava/util/List;+5
j  org.apache.flink.table.api.internal.TableEnvironmentImpl.executeInternal(Ljava/util/List;)Lorg/apache/flink/table/api/internal/TableResultInternal;+93
j  org.apache.flink.table.api.internal.TableEnvironmentImpl.executeInternal(Lorg/apache/flink/table/operations/Operation;)Lorg/apache/flink/table/api/internal/TableResultInternal;+41
j  org.apache.flink.table.api.internal.TableEnvironmentImpl.executeSql(Ljava/lang/String;)Lorg/apache/flink/table/api/TableResult;+44
j  com.demo.flink.FlinkCdcMySql.main([Ljava/lang/String;)V+81
v  ~StubRoutines::call_stub

---------------  P R O C E S S  ---------------

Java Threads: ( => current thread )
  0x0000024898e2a800 JavaThread "Service Thread" daemon [_thread_blocked, id=11396, stack(0x000000a023900000,0x000000a023a00000)]
  0x0000024897b23000 JavaThread "C1 CompilerThread3" daemon [_thread_in_native, id=7108, stack(0x000000a023800000,0x000000a023900000)]
  0x0000024897b1f800 JavaThread "C2 CompilerThread2" daemon [_thread_in_native, id=2432, stack(0x000000a023700000,0x000000a023800000)]
  0x0000024897b19000 JavaThread "C2 CompilerThread1" daemon [_thread_in_native, id=17504, stack(0x000000a023600000,0x000000a023700000)]
  0x0000024897b13000 JavaThread "C2 CompilerThread0" daemon [_thread_in_native, id=19720, stack(0x000000a023500000,0x000000a023600000)]
  0x0000024897b12000 JavaThread "Attach Listener" daemon [_thread_blocked, id=8384, stack(0x000000a023400000,0x000000a023500000)]
  0x0000024897b11800 JavaThread "Signal Dispatcher" daemon [_thread_blocked, id=15260, stack(0x000000a023300000,0x000000a023400000)]
  0x0000024897a7d000 JavaThread "Finalizer" daemon [_thread_blocked, id=14512, stack(0x000000a023200000,0x000000a023300000)]
  0x0000024897a5a000 JavaThread "Reference Handler" daemon [_thread_blocked, id=11584, stack(0x000000a023100000,0x000000a023200000)]
=>0x00000248fc4ec000 JavaThread "main" [_thread_in_vm, id=9104, stack(0x000000a022700000,0x000000a022800000)]

Other Threads:
  0x0000024896e7e800 VMThread [stack: 0x000000a023000000,0x000000a023100000] [id=21492]
  0x0000024898e46000 WatcherThread [stack: 0x000000a023a00000,0x000000a023b00000] [id=3096]

VM state:not at safepoint (normal execution)

VM Mutex/Monitor currently owned by a thread: None

heap address: 0x00000006c5000000, size: 4016 MB, Compressed Oops mode: Zero based, Oop shift amount: 3
Narrow klass base: 0x0000000000000000, Narrow klass shift: 3
Compressed class space size: 1073741824 Address: 0x00000007c0000000

Heap:
 PSYoungGen      total 129536K, used 62766K [0x000000076c580000, 0x0000000774f80000, 0x00000007c0000000)
  eden space 119808K, 52% used [0x000000076c580000,0x00000007702cb9c8,0x0000000773a80000)
  from space 9728K, 0% used [0x0000000774600000,0x0000000774600000,0x0000000774f80000)
  to   space 10752K, 0% used [0x0000000773a80000,0x0000000773a80000,0x0000000774500000)
 ParOldGen       total 106496K, used 9072K [0x00000006c5000000, 0x00000006cb800000, 0x000000076c580000)
  object space 106496K, 8% used [0x00000006c5000000,0x00000006c58dc350,0x00000006cb800000)
 Metaspace       used 42398K, capacity 44713K, committed 45056K, reserved 1087488K
  class space    used 5522K, capacity 6060K, committed 6144K, reserved 1048576K

Card table byte_map: [0x00000248fe1e0000,0x00000248fe9c0000] byte_map_base: 0x00000248fabb8000

Marking Bits: (ParMarkBitMap*) 0x00007ffe462170d0
 Begin Bits: [0x000002488f000000, 0x0000024892ec0000)
 End Bits:   [0x0000024892ec0000, 0x0000024896d80000)

Polling page: 0x00000248fc600000

CodeCache: size=245760Kb used=8305Kb max_used=8309Kb free=237454Kb
 bounds [0x0000024880000000, 0x0000024880830000, 0x000002488f000000]
 total_blobs=2998 nmethods=2481 adapters=429
 compilation: enabled

Compilation events (10 events):
Event: 19.980 Thread 0x0000024897b23000 2483       1       sun.reflect.ClassFileAssembler::getStack (5 bytes)
Event: 19.981 Thread 0x0000024897b23000 nmethod 2483 0x000002488081ce10 code [0x000002488081cf60, 0x000002488081d078]
Event: 19.981 Thread 0x0000024897b23000 2484       3       java.lang.invoke.BoundMethodHandle$Species_L3::copyWithExtendL (29 bytes)
Event: 19.982 Thread 0x0000024897b23000 nmethod 2484 0x000002488081e190 code [0x000002488081e340, 0x000002488081e8f0]
Event: 19.982 Thread 0x0000024897b23000 2485       3       java.lang.invoke.BoundMethodHandle$Species_L4::make (16 bytes)
Event: 19.983 Thread 0x0000024897b23000 nmethod 2485 0x000002488081dc10 code [0x000002488081dd80, 0x000002488081e070]
Event: 19.983 Thread 0x0000024897b23000 2486       3       java.lang.invoke.BoundMethodHandle$Species_L4::<init> (30 bytes)
Event: 19.984 Thread 0x0000024897b23000 nmethod 2486 0x000002488081d710 code [0x000002488081d880, 0x000002488081db10]
Event: 19.991 Thread 0x0000024897b23000 2487   !   3       org.apache.calcite.util.ImmutableBeans::makeDef (1211 bytes)
Event: 19.998 Thread 0x0000024897b1f800 2488       4       java.util.regex.Pattern::range (279 bytes)

GC Heap History (10 events):
Event: 9.227 GC heap before
{Heap before GC invocations=2 (full 0):
 PSYoungGen      total 75264K, used 15221K [0x000000076c580000, 0x0000000771980000, 0x00000007c0000000)
  eden space 64512K, 6% used [0x000000076c580000,0x000000076c9e29b8,0x0000000770480000)
  from space 10752K, 99% used [0x0000000770480000,0x0000000770efac80,0x0000000770f00000)
  to   space 10752K, 0% used [0x0000000770f00000,0x0000000770f00000,0x0000000771980000)
 ParOldGen       total 172032K, used 3346K [0x00000006c5000000, 0x00000006cf800000, 0x000000076c580000)
  object space 172032K, 1% used [0x00000006c5000000,0x00000006c5344820,0x00000006cf800000)
 Metaspace       used 20307K, capacity 21178K, committed 21248K, reserved 1067008K
  class space    used 2577K, capacity 2802K, committed 2816K, reserved 1048576K
Event: 9.239 GC heap after
Heap after GC invocations=2 (full 0):
 PSYoungGen      total 75264K, used 4659K [0x000000076c580000, 0x0000000775880000, 0x00000007c0000000)
  eden space 64512K, 0% used [0x000000076c580000,0x000000076c580000,0x0000000770480000)
  from space 10752K, 43% used [0x0000000770f00000,0x000000077138cd58,0x0000000771980000)
  to   space 10752K, 0% used [0x0000000770480000,0x0000000770480000,0x0000000770f00000)
 ParOldGen       total 172032K, used 3354K [0x00000006c5000000, 0x00000006cf800000, 0x000000076c580000)
  object space 172032K, 1% used [0x00000006c5000000,0x00000006c5346820,0x00000006cf800000)
 Metaspace       used 20307K, capacity 21178K, committed 21248K, reserved 1067008K
  class space    used 2577K, capacity 2802K, committed 2816K, reserved 1048576K
}
Event: 9.239 GC heap before
{Heap before GC invocations=3 (full 1):
 PSYoungGen      total 75264K, used 4659K [0x000000076c580000, 0x0000000775880000, 0x00000007c0000000)
  eden space 64512K, 0% used [0x000000076c580000,0x000000076c580000,0x0000000770480000)
  from space 10752K, 43% used [0x0000000770f00000,0x000000077138cd58,0x0000000771980000)
  to   space 10752K, 0% used [0x0000000770480000,0x0000000770480000,0x0000000770f00000)
 ParOldGen       total 172032K, used 3354K [0x00000006c5000000, 0x00000006cf800000, 0x000000076c580000)
  object space 172032K, 1% used [0x00000006c5000000,0x00000006c5346820,0x00000006cf800000)
 Metaspace       used 20307K, capacity 21178K, committed 21248K, reserved 1067008K
  class space    used 2577K, capacity 2802K, committed 2816K, reserved 1048576K
Event: 9.289 GC heap after
Heap after GC invocations=3 (full 1):
 PSYoungGen      total 75264K, used 0K [0x000000076c580000, 0x0000000775880000, 0x00000007c0000000)
  eden space 64512K, 0% used [0x000000076c580000,0x000000076c580000,0x0000000770480000)
  from space 10752K, 0% used [0x0000000770f00000,0x0000000770f00000,0x0000000771980000)
  to   space 10752K, 0% used [0x0000000770480000,0x0000000770480000,0x0000000770f00000)
 ParOldGen       total 80384K, used 4924K [0x00000006c5000000, 0x00000006c9e80000, 0x000000076c580000)
  object space 80384K, 6% used [0x00000006c5000000,0x00000006c54cf2b8,0x00000006c9e80000)
 Metaspace       used 20307K, capacity 21178K, committed 21248K, reserved 1067008K
  class space    used 2577K, capacity 2802K, committed 2816K, reserved 1048576K
}
Event: 13.864 GC heap before
{Heap before GC invocations=4 (full 1):
 PSYoungGen      total 75264K, used 64512K [0x000000076c580000, 0x0000000775880000, 0x00000007c0000000)
  eden space 64512K, 100% used [0x000000076c580000,0x0000000770480000,0x0000000770480000)
  from space 10752K, 0% used [0x0000000770f00000,0x0000000770f00000,0x0000000771980000)
  to   space 10752K, 0% used [0x0000000770480000,0x0000000770480000,0x0000000770f00000)
 ParOldGen       total 80384K, used 4924K [0x00000006c5000000, 0x00000006c9e80000, 0x000000076c580000)
  object space 80384K, 6% used [0x00000006c5000000,0x00000006c54cf2b8,0x00000006c9e80000)
 Metaspace       used 32034K, capacity 33432K, committed 33536K, reserved 1079296K
  class space    used 3960K, capacity 4276K, committed 4352K, reserved 1048576K
Event: 13.902 GC heap after
Heap after GC invocations=4 (full 1):
 PSYoungGen      total 75264K, used 10728K [0x000000076c580000, 0x0000000775080000, 0x00000007c0000000)
  eden space 64512K, 0% used [0x000000076c580000,0x000000076c580000,0x0000000770480000)
  from space 10752K, 99% used [0x0000000770480000,0x0000000770efa290,0x0000000770f00000)
  to   space 10752K, 0% used [0x0000000774600000,0x0000000774600000,0x0000000775080000)
 ParOldGen       total 80384K, used 7540K [0x00000006c5000000, 0x00000006c9e80000, 0x000000076c580000)
  object space 80384K, 9% used [0x00000006c5000000,0x00000006c575d268,0x00000006c9e80000)
 Metaspace       used 32034K, capacity 33432K, committed 33536K, reserved 1079296K
  class space    used 3960K, capacity 4276K, committed 4352K, reserved 1048576K
}
Event: 14.669 GC heap before
{Heap before GC invocations=5 (full 1):
 PSYoungGen      total 75264K, used 25284K [0x000000076c580000, 0x0000000775080000, 0x00000007c0000000)
  eden space 64512K, 22% used [0x000000076c580000,0x000000076d3b6e38,0x0000000770480000)
  from space 10752K, 99% used [0x0000000770480000,0x0000000770efa290,0x0000000770f00000)
  to   space 10752K, 0% used [0x0000000774600000,0x0000000774600000,0x0000000775080000)
 ParOldGen       total 80384K, used 7540K [0x00000006c5000000, 0x00000006c9e80000, 0x000000076c580000)
  object space 80384K, 9% used [0x00000006c5000000,0x00000006c575d268,0x00000006c9e80000)
 Metaspace       used 33832K, capacity 35381K, committed 35416K, reserved 1081344K
  class space    used 4247K, capacity 4573K, committed 4608K, reserved 1048576K
Event: 14.687 GC heap after
Heap after GC invocations=5 (full 1):
 PSYoungGen      total 129536K, used 4920K [0x000000076c580000, 0x0000000774f80000, 0x00000007c0000000)
  eden space 119808K, 0% used [0x000000076c580000,0x000000076c580000,0x0000000773a80000)
  from space 9728K, 50% used [0x0000000774600000,0x0000000774ace178,0x0000000774f80000)
  to   space 10752K, 0% used [0x0000000773a80000,0x0000000773a80000,0x0000000774500000)
 ParOldGen       total 80384K, used 7548K [0x00000006c5000000, 0x00000006c9e80000, 0x000000076c580000)
  object space 80384K, 9% used [0x00000006c5000000,0x00000006c575f268,0x00000006c9e80000)
 Metaspace       used 33832K, capacity 35381K, committed 35416K, reserved 1081344K
  class space    used 4247K, capacity 4573K, committed 4608K, reserved 1048576K
}
Event: 14.688 GC heap before
{Heap before GC invocations=6 (full 2):
 PSYoungGen      total 129536K, used 4920K [0x000000076c580000, 0x0000000774f80000, 0x00000007c0000000)
  eden space 119808K, 0% used [0x000000076c580000,0x000000076c580000,0x0000000773a80000)
  from space 9728K, 50% used [0x0000000774600000,0x0000000774ace178,0x0000000774f80000)
  to   space 10752K, 0% used [0x0000000773a80000,0x0000000773a80000,0x0000000774500000)
 ParOldGen       total 80384K, used 7548K [0x00000006c5000000, 0x00000006c9e80000, 0x000000076c580000)
  object space 80384K, 9% used [0x00000006c5000000,0x00000006c575f268,0x00000006c9e80000)
 Metaspace       used 33832K, capacity 35381K, committed 35416K, reserved 1081344K
  class space    used 4247K, capacity 4573K, committed 4608K, reserved 1048576K
Event: 14.804 GC heap after
Heap after GC invocations=6 (full 2):
 PSYoungGen      total 129536K, used 0K [0x000000076c580000, 0x0000000774f80000, 0x00000007c0000000)
  eden space 119808K, 0% used [0x000000076c580000,0x000000076c580000,0x0000000773a80000)
  from space 9728K, 0% used [0x0000000774600000,0x0000000774600000,0x0000000774f80000)
  to   space 10752K, 0% used [0x0000000773a80000,0x0000000773a80000,0x0000000774500000)
 ParOldGen       total 106496K, used 9072K [0x00000006c5000000, 0x00000006cb800000, 0x000000076c580000)
  object space 106496K, 8% used [0x00000006c5000000,0x00000006c58dc350,0x00000006cb800000)
 Metaspace       used 33832K, capacity 35381K, committed 35416K, reserved 1081344K
  class space    used 4247K, capacity 4573K, committed 4608K, reserved 1048576K
}

Deoptimization events (10 events):
Event: 18.769 Thread 0x00000248fc4ec000 Uncommon trap: reason=unstable_if action=reinterpret pc=0x00000248804367b8 method=java.util.HashMap.putVal(ILjava/lang/Object;Ljava/lang/Object;ZZ)Ljava/lang/Object; @ 162
Event: 18.773 Thread 0x00000248fc4ec000 Uncommon trap: reason=unstable_if action=reinterpret pc=0x0000024880421b54 method=java.util.HashMap.getNode(ILjava/lang/Object;)Ljava/util/HashMap$Node; @ 84
Event: 18.773 Thread 0x00000248fc4ec000 Uncommon trap: reason=unstable_if action=reinterpret pc=0x0000024880422d5c method=java.util.HashMap.getNode(ILjava/lang/Object;)Ljava/util/HashMap$Node; @ 84
Event: 18.773 Thread 0x00000248fc4ec000 Uncommon trap: reason=unstable_if action=reinterpret pc=0x00000248804396d8 method=java.util.HashMap.putVal(ILjava/lang/Object;Ljava/lang/Object;ZZ)Ljava/lang/Object; @ 109
Event: 18.807 Thread 0x00000248fc4ec000 Uncommon trap: reason=unstable_if action=reinterpret pc=0x000002488057f924 method=java.util.HashMap.resize()[Ljava/util/HashMap$Node; @ 206
Event: 18.854 Thread 0x00000248fc4ec000 Uncommon trap: reason=unstable_if action=reinterpret pc=0x0000024880618898 method=java.lang.ClassLoader.getClassLoadingLock(Ljava/lang/String;)Ljava/lang/Object; @ 6
Event: 19.479 Thread 0x00000248fc4ec000 Uncommon trap: reason=bimorphic action=maybe_recompile pc=0x000002488081fc98 method=org.apache.flink.calcite.shaded.com.google.common.collect.RegularImmutableMap.checkNoConflictInKeyBucket(Ljava/lang/Object;Ljava/util/Map$Entry;Lorg/apache/flink/calcite/s
Event: 19.479 Thread 0x00000248fc4ec000 Uncommon trap: reason=bimorphic action=maybe_recompile pc=0x000002488081fc98 method=org.apache.flink.calcite.shaded.com.google.common.collect.RegularImmutableMap.checkNoConflictInKeyBucket(Ljava/lang/Object;Ljava/util/Map$Entry;Lorg/apache/flink/calcite/s
Event: 19.479 Thread 0x00000248fc4ec000 Uncommon trap: reason=bimorphic action=maybe_recompile pc=0x000002488081fc98 method=org.apache.flink.calcite.shaded.com.google.common.collect.RegularImmutableMap.checkNoConflictInKeyBucket(Ljava/lang/Object;Ljava/util/Map$Entry;Lorg/apache/flink/calcite/s
Event: 19.479 Thread 0x00000248fc4ec000 Uncommon trap: reason=bimorphic action=maybe_recompile pc=0x000002488081fc98 method=org.apache.flink.calcite.shaded.com.google.common.collect.RegularImmutableMap.checkNoConflictInKeyBucket(Ljava/lang/Object;Ljava/util/Map$Entry;Lorg/apache/flink/calcite/s

Classes redefined (0 events):
No events

Internal exceptions (10 events):
Event: 19.810 Thread 0x00000248fc4ec000 Exception <a 'java/lang/NoSuchMethodError': java.lang.Object.as(Ljava/lang/Class;)Ljava/lang/Object;> (0x000000077015cc90) thrown at [C:\jenkins\workspace\8-2-build-windows-x64-cygwin-sans-NAS\jdk8u411\893\hotspot\src\share\vm\interpreter\linkResolver.cpp
Event: 19.810 Thread 0x00000248fc4ec000 Exception <a 'java/lang/NoSuchMethodError': java.lang.Object.as(Ljava/lang/Class;)Ljava/lang/Object;> (0x000000077015d2d0) thrown at [C:\jenkins\workspace\8-2-build-windows-x64-cygwin-sans-NAS\jdk8u411\893\hotspot\src\share\vm\interpreter\linkResolver.cpp
Event: 19.971 Thread 0x00000248fc4ec000 Exception <a 'java/lang/NoSuchMethodError': java.lang.Object.lambda$null$0(Lorg/apache/calcite/plan/RelRule$OperandBuilder;)Lorg/apache/calcite/plan/RelRule$Done;> (0x0000000770197420) thrown at [C:\jenkins\workspace\8-2-build-windows-x64-cygwin-sans-NAS\
Event: 19.983 Thread 0x00000248fc4ec000 Exception <a 'java/lang/NoSuchMethodError': java.lang.Object.lambda$create$0(Lorg/apache/calcite/plan/RelRule$OperandBuilder;)Lorg/apache/calcite/plan/RelRule$Done;> (0x00000007701afcd8) thrown at [C:\jenkins\workspace\8-2-build-windows-x64-cygwin-sans-NA
Event: 19.985 Thread 0x00000248fc4ec000 Exception <a 'java/lang/NoSuchMethodError': java.lang.Object.as(Ljava/lang/Class;)Ljava/lang/Object;> (0x00000007701b72e0) thrown at [C:\jenkins\workspace\8-2-build-windows-x64-cygwin-sans-NAS\jdk8u411\893\hotspot\src\share\vm\interpreter\linkResolver.cpp
Event: 19.985 Thread 0x00000248fc4ec000 Exception <a 'java/lang/NoSuchMethodError': java.lang.Object.as(Ljava/lang/Class;)Ljava/lang/Object;> (0x00000007701b7920) thrown at [C:\jenkins\workspace\8-2-build-windows-x64-cygwin-sans-NAS\jdk8u411\893\hotspot\src\share\vm\interpreter\linkResolver.cpp
Event: 19.991 Thread 0x00000248fc4ec000 Exception <a 'java/lang/NoSuchMethodError': java.lang.Object.toRule()Lorg/apache/calcite/rel/rules/materialize/MaterializedViewOnlyAggregateRule;> (0x00000007701db3e8) thrown at [C:\jenkins\workspace\8-2-build-windows-x64-cygwin-sans-NAS\jdk8u411\893\hots
Event: 19.991 Thread 0x00000248fc4ec000 Exception <a 'java/lang/NoSuchMethodError': java.lang.Object.toRule()Lorg/apache/calcite/plan/RelOptRule;> (0x00000007701dc648) thrown at [C:\jenkins\workspace\8-2-build-windows-x64-cygwin-sans-NAS\jdk8u411\893\hotspot\src\share\vm\interpreter\linkResolve
Event: 19.991 Thread 0x00000248fc4ec000 Exception <a 'java/lang/NoSuchMethodError': java.lang.Object.as(Ljava/lang/Class;)Ljava/lang/Object;> (0x00000007701dd7d8) thrown at [C:\jenkins\workspace\8-2-build-windows-x64-cygwin-sans-NAS\jdk8u411\893\hotspot\src\share\vm\interpreter\linkResolver.cpp
Event: 19.991 Thread 0x00000248fc4ec000 Exception <a 'java/lang/NoSuchMethodError': java.lang.Object.as(Ljava/lang/Class;)Ljava/lang/Object;> (0x00000007701dde18) thrown at [C:\jenkins\workspace\8-2-build-windows-x64-cygwin-sans-NAS\jdk8u411\893\hotspot\src\share\vm\interpreter\linkResolver.cpp

Events (10 events):
Event: 19.972 loading class org/apache/calcite/rel/rules/materialize/MaterializedViewOnlyAggregateRule$Config
Event: 19.972 loading class org/apache/calcite/rel/rules/materialize/MaterializedViewOnlyAggregateRule$Config done
Event: 19.982 loading class org/apache/calcite/plan/RelRule$OperandBuilder
Event: 19.982 loading class org/apache/calcite/plan/RelRule$OperandBuilder done
Event: 19.983 loading class org/apache/calcite/plan/RelRule$OperandBuilder
Event: 19.983 loading class org/apache/calcite/plan/RelRule$OperandBuilder done
Event: 19.983 loading class org/apache/calcite/plan/RelRule$OperandTransform
Event: 19.983 loading class org/apache/calcite/plan/RelRule$OperandTransform done
Event: 19.998 loading class org/apache/calcite/rel/rules/materialize/MaterializedViewOnlyFilterRule$Config
Event: 19.998 loading class org/apache/calcite/rel/rules/materialize/MaterializedViewOnlyFilterRule$Config done


Dynamic libraries:
0x00007ff6ce2a0000 - 0x00007ff6ce2ea000 	D:\Java\jre-1.8\bin\java.exe
0x00007ffed2af0000 - 0x00007ffed2d07000 	C:\WINDOWS\SYSTEM32\ntdll.dll
0x00007ffed1570000 - 0x00007ffed1634000 	C:\WINDOWS\System32\KERNEL32.DLL
0x00007ffed0030000 - 0x00007ffed03dc000 	C:\WINDOWS\System32\KERNELBASE.dll
0x00007ffed1740000 - 0x00007ffed17f2000 	C:\WINDOWS\System32\ADVAPI32.dll
0x00007ffed2840000 - 0x00007ffed28e7000 	C:\WINDOWS\System32\msvcrt.dll
0x00007ffed09d0000 - 0x00007ffed0a7a000 	C:\WINDOWS\System32\sechost.dll
0x00007ffed0000000 - 0x00007ffed0028000 	C:\WINDOWS\System32\bcrypt.dll
0x00007ffed2720000 - 0x00007ffed2835000 	C:\WINDOWS\System32\RPCRT4.dll
0x00007ffed13c0000 - 0x00007ffed156e000 	C:\WINDOWS\System32\USER32.dll
0x00007ffed05a0000 - 0x00007ffed05c6000 	C:\WINDOWS\System32\win32u.dll
0x00007ffed1d90000 - 0x00007ffed1db9000 	C:\WINDOWS\System32\GDI32.dll
0x00007ffed03e0000 - 0x00007ffed04f9000 	C:\WINDOWS\System32\gdi32full.dll
0x00007ffed0500000 - 0x00007ffed059a000 	C:\WINDOWS\System32\msvcp_win.dll
0x00007ffed0650000 - 0x00007ffed0761000 	C:\WINDOWS\System32\ucrtbase.dll
0x00007ffebef70000 - 0x00007ffebf203000 	C:\WINDOWS\WinSxS\amd64_microsoft.windows.common-controls_6595b64144ccf1df_6.0.22621.3672_none_2713b9d173822955\COMCTL32.dll
0x00007ffed0830000 - 0x00007ffed0861000 	C:\WINDOWS\System32\IMM32.DLL
0x00007ffec5670000 - 0x00007ffec568b000 	D:\Java\jre-1.8\bin\vcruntime140.dll
0x00007ffec9620000 - 0x00007ffec962c000 	D:\Java\jre-1.8\bin\vcruntime140_1.dll
0x00007ffe8cf30000 - 0x00007ffe8cfbe000 	D:\Java\jre-1.8\bin\msvcp140.dll
0x00007ffe459e0000 - 0x00007ffe46291000 	D:\Java\jre-1.8\bin\server\jvm.dll
0x00007ffed1dc0000 - 0x00007ffed1dc8000 	C:\WINDOWS\System32\PSAPI.DLL
0x00007ffea3bd0000 - 0x00007ffea3bd9000 	C:\WINDOWS\SYSTEM32\WSOCK32.dll
0x00007ffed1f70000 - 0x00007ffed1fe1000 	C:\WINDOWS\System32\WS2_32.dll
0x00007ffec7280000 - 0x00007ffec72b4000 	C:\WINDOWS\SYSTEM32\WINMM.dll
0x00007ffec6f60000 - 0x00007ffec6f6a000 	C:\WINDOWS\SYSTEM32\VERSION.dll
0x00007ffecef00000 - 0x00007ffecef18000 	C:\WINDOWS\SYSTEM32\kernel.appcore.dll
0x00007ffec9960000 - 0x00007ffec9970000 	D:\Java\jre-1.8\bin\verify.dll
0x00007ffec5640000 - 0x00007ffec566b000 	D:\Java\jre-1.8\bin\java.dll
0x00007ffec5380000 - 0x00007ffec5398000 	D:\Java\jre-1.8\bin\zip.dll
0x00007ffed0a80000 - 0x00007ffed12dc000 	C:\WINDOWS\System32\SHELL32.dll
0x00007ffecdd20000 - 0x00007ffece617000 	C:\WINDOWS\SYSTEM32\windows.storage.dll
0x00007ffed1900000 - 0x00007ffed1c88000 	C:\WINDOWS\System32\combase.dll
0x00007ffecdbe0000 - 0x00007ffecdd1f000 	C:\WINDOWS\SYSTEM32\wintypes.dll
0x00007ffed1800000 - 0x00007ffed18f4000 	C:\WINDOWS\System32\SHCORE.dll
0x00007ffed1360000 - 0x00007ffed13be000 	C:\WINDOWS\System32\shlwapi.dll
0x00007ffecfd50000 - 0x00007ffecfd71000 	C:\WINDOWS\SYSTEM32\profapi.dll
0x00007ffebb860000 - 0x00007ffebb87c000 	D:\Java\jre-1.8\bin\net.dll
0x00007ffecf360000 - 0x00007ffecf3c9000 	C:\WINDOWS\system32\mswsock.dll
0x00007ffea7f90000 - 0x00007ffea7fa3000 	D:\Java\jre-1.8\bin\nio.dll
0x00007ffecf570000 - 0x00007ffecf58b000 	C:\WINDOWS\SYSTEM32\CRYPTSP.dll
0x00007ffecee60000 - 0x00007ffecee95000 	C:\WINDOWS\system32\rsaenh.dll
0x00007ffecf410000 - 0x00007ffecf438000 	C:\WINDOWS\SYSTEM32\USERENV.dll
0x00007ffed05d0000 - 0x00007ffed064b000 	C:\WINDOWS\System32\bcryptprimitives.dll
0x00007ffecf590000 - 0x00007ffecf59c000 	C:\WINDOWS\SYSTEM32\CRYPTBASE.dll
0x00007ffece880000 - 0x00007ffece8ad000 	C:\WINDOWS\SYSTEM32\IPHLPAPI.DLL
0x00007ffed1660000 - 0x00007ffed1669000 	C:\WINDOWS\System32\NSI.dll
0x00007ffec9970000 - 0x00007ffec9989000 	C:\WINDOWS\SYSTEM32\dhcpcsvc6.DLL
0x00007ffec9810000 - 0x00007ffec982f000 	C:\WINDOWS\SYSTEM32\dhcpcsvc.DLL
0x00007ffece920000 - 0x00007ffecea18000 	C:\WINDOWS\SYSTEM32\DNSAPI.dll

VM Arguments:
java_command: com.demo.flink.FlinkCdcMySql CREATE DATABASE IF NOT EXISTS flink_source CREATE TABLE flink_source.flink_source_Student (
  `student_id` int,
  `student_type` varchar(50),
  `gender` varchar(50),
  `ethnicity` varchar(50),
  `birth_str` varchar(10),
  `education_level` varchar(50),
  `political_status` varchar(50),
  `hometown` varchar(100),
  `gaokao_score` int,
  `grade` int,
  `class` int,
  PRIMARY KEY (`student_id`) NOT ENFORCED
) WITH (
  'connector'  = 'mysql-cdc',
  'hostname'   = '47.120.73.205',
  'port'   = '3307',
  'database-name'   = 'source',
  'table-name' = 'Student',
  'username'   = 'root',
  'password'   = '2024'
) CREATE TABLE flink_source.flink_target_Student (
  `student_id` int,
  `student_type` varchar(50),
  `gender` varchar(50),
  `ethnicity` varchar(50),
  `birth_str` varchar(10),
  `education_level` varchar(50),
  `political_status` varchar(50),
  `hometown` varchar(100),
  `gaokao_score` int,
  `grade` int,
  `class` int,
  PRIMARY KEY (`student_id`) NOT ENFORCED
) WITH (
  'connector'  = 'jdbc',
  'driver'     = 'com.mysql.cj.jdbc.Driver',
  'url'        = 'jdbc:mysql://47.121.29.57:3307/flink_target',
  'table-name' = '1_source_Student',
  'username'   = 'root',
  'password'   = '654321'
) INSERT INTO flink_source.flink_target_Student select * from flink_source.flink_source_Student

java_class_path (initial): mysql2mysql.jar;flink_libs/aggs-matrix-stats-client-7.10.2.jar;flink_libs/awaitility-4.0.1.jar;flink_libs/chill-java-0.7.6.jar;flink_libs/commons-cli-1.5.0.jar;flink_libs/commons-codec-1.11.jar;flink_libs/commons-collections-3.2.2.jar;flink_libs/commons-compress-1.21.jar;flink_libs/commons-io-2.11.0.jar;flink_libs/commons-lang3-3.3.2.jar;flink_libs/commons-logging-1.1.3.jar;flink_libs/commons-math3-3.6.1.jar;flink_libs/compiler-0.9.6.jar;flink_libs/elasticsearch-7.10.2.jar;flink_libs/elasticsearch-cli-7.10.2.jar;flink_libs/elasticsearch-core-7.10.2.jar;flink_libs/elasticsearch-geo-7.10.2.jar;flink_libs/elasticsearch-rest-client-7.10.2.jar;flink_libs/elasticsearch-rest-high-level-client-7.10.2.jar;flink_libs/elasticsearch-secure-sm-7.10.2.jar;flink_libs/elasticsearch-x-content-7.10.2.jar;flink_libs/flink-annotations-1.16.0.jar;flink_libs/flink-cep-1.16.0.jar;flink_libs/flink-clients-1.16.0.jar;flink_libs/flink-connector-base-1.16.0.jar;flink_libs/flink-connector-elasticsearch-base-1.16.0.jar;flink_libs/flink-connector-elasticsearch7-1.16.0.jar;flink_libs/flink-connector-jdbc-1.16.0.jar;flink_libs/flink-core-1.16.0.jar;flink_libs/flink-file-sink-common-1.16.0.jar;flink_libs/flink-hadoop-fs-1.16.0.jar;flink_libs/flink-java-1.16.0.jar;flink_libs/flink-json-1.16.0.jar;flink_libs/flink-metrics-core-1.16.0.jar;flink_libs/flink-optimizer-1.16.0.jar;flink_libs/flink-queryable-state-client-java-1.16.0.jar;flink_libs/flink-rpc-akka-loader-1.16.0.jar;flink_libs/flink-rpc-core-1.16.0.jar;flink_libs/flink-runtime-1.16.0.jar;flink_libs/flink-shaded-asm-9-9.2-15.0.jar;flink_libs/flink-shaded-force-shading-15.0.jar;flink_libs/flink-shaded-guava-30.1.1-jre-15.0.jar;flink_libs/flink-shaded-jackson-2.12.4-15.0.jar;flink_libs/flink-shaded-netty-4.1.70.Final-15.0.jar;flink_libs/flink-shaded-zookeeper-3-3.5.9-15.0.jar;flink_libs/flink-sql-connector-mysql-cdc-2.3.0.jar;flink_libs/flink-streaming-java-1.16.0.jar;flink_libs/flink-table-api-bridge-base-1.16.0.jar;
Launcher Type: SUN_STANDARD

Environment Variables:
JAVA_HOME=D:\Java\jdk-1.8
CLASSPATH=.;D:\Java\jdk-1.8\lib;D:\Java\jdk-1.8\lib\tools.jar
PATH=C:\Program Files (x86)\Common Files\Oracle\Java\java8path;C:\Program Files (x86)\Common Files\Oracle\Java\javapath;D:\NVIDIA\CUDA Development\bin;D:\NVIDIA\CUDA Development\libnvvp;D:\VMware Player\bin\;C:\Windows\system32;C:\Windows;C:\Windows\System32\Wbem;C:\Windows\System32\WindowsPowerShell\v1.0\;C:\Windows\System32\OpenSSH\;C:\WINDOWS\system32;C:\WINDOWS;C:\WINDOWS\System32\Wbem;C:\WINDOWS\System32\WindowsPowerShell\v1.0\;C:\WINDOWS\System32\OpenSSH\;D:\mingw64\bin;D:\NetSarang\Xshell 7\;D:\NetSarang\Xftp 7\;D:\Git\cmd;C:\Users\22868\.cargo\bin;C:\Program Files\NVIDIA Corporation\Nsight Compute 2022.1.0\;D:\NVIDIA\CUDA Development\include;D:\Java\jdk-1.8\bin;D:\Maven\apache-maven-3.9.6\bin;D:\GO\go1.20.6.windows-amd64\go\bin;%MAVEN_HOME %\bin;C:\Users\22868\.cargo\bin;D:\Environment\anaconda3;D:\Environment\anaconda3\Library\mingw-w64\bin;D:\Environment\anaconda3\Library\usr\bin;D:\Environment\anaconda3\Library\bin;D:\Environment\anaconda3\Scripts;C:\Users\22868\AppData\Local\Microsoft\WindowsApps;D:\IDE\Microsoft VS Code\bin;D:\IDE\PyCharm Community Edition 2023.3.3\bin;;D:\IDE\IntelliJ IDEA 2023.3.4\bin;;D:\IDE\GoLand 2024.1.1\bin;;D:\GO\go1.20.6.windows-amd64\go\bin
USERNAME=22868
OS=Windows_NT
PROCESSOR_IDENTIFIER=Intel64 Family 6 Model 140 Stepping 1, GenuineIntel



---------------  S Y S T E M  ---------------

OS: Windows 11 , 64 bit Build 22621 (10.0.22621.3672)

CPU:total 8 (initial active 8) (4 cores per cpu, 2 threads per core) family 6 model 140 stepping 1, cmov, cx8, fxsr, mmx, sse, sse2, sse3, ssse3, sse4.1, sse4.2, popcnt, avx, avx2, aes, clmul, erms, 3dnowpref, lzcnt, ht, tsc, tscinvbit, bmi1, bmi2, adx

Memory: 4k page, physical 16448380k(239080k free), swap 34709412k(108k free)

vm_info: Java HotSpot(TM) 64-Bit Server VM (25.411-b09) for windows-amd64 JRE (1.8.0_411-b09), built on Mar 13 2024 07:26:13 by "java_re" with MS VC++ 17.1 (VS2022)

time: Mon Jun 17 13:28:20 2024
timezone: Intel64 Family 6 Model 140 Stepping 1, GenuineIntel
elapsed time: 20.149959 seconds (0d 0h 0m 20s)

