#
# A fatal error has been detected by the Java Runtime Environment:
#
#  EXCEPTION_ACCESS_VIOLATION (0xc0000005) at pc=0x00007ffea7f973e7, pid=1676, tid=0x0000000000005730
#
# JRE version: Java(TM) SE Runtime Environment (8.0_411) (build 1.8.0_411-b09)
# Java VM: Java HotSpot(TM) 64-Bit Server VM (25.411-b09 mixed mode windows-amd64 compressed oops)
# Problematic frame:
# C  [nio.dll+0x73e7]
#
# Failed to write core dump. Minidumps are not enabled by default on client versions of Windows
#
# If you would like to submit a bug report, please visit:
#   http://bugreport.java.com/bugreport/crash.jsp
# The crash happened outside the Java Virtual Machine in native code.
# See problematic frame for where to report the bug.
#

---------------  T H R E A D  ---------------

Current thread (0x000002d535e05000):  JavaThread "I/O dispatcher 6159" [_thread_in_native, id=22320, stack(0x000000d812c00000,0x000000d812d00000)]

siginfo: ExceptionCode=0xc0000005, writing address 0x000000d812cf4000

Registers:
RAX=0x000000000000d0e0, RBX=0x00000000ee7129e8, RCX=0x000002d535e05200, RDX=0x000000d812cff250
RSP=0x000000d812cff1c8, RBP=0x000000d812cf2200, RSI=0x0000000773894f40, RDI=0x0000000773893f28
R8 =0x000002d536e7e000, R9 =0x0000000000000001, R10=0x000000d812cf2000, R11=0x000000d812cf4000
R12=0x0000000000000000, R13=0x000002d535e05000, R14=0x0000000773893d10, R15=0x000002d535e05000
RIP=0x00007ffea7f973e7, EFLAGS=0x0000000000010287

Top of Stack: (sp=0x000000d812cff1c8)
0x000000d812cff1c8:   00007ffea7f96d5c 0000000000000400
0x000000d812cff1d8:   00007ffea7f96d85 000002d535e05000
0x000000d812cff1e8:   0000000773893d10 000002d535e05000
0x000000d812cff1f8:   0000000000000000 000000d812cff290
0x000000d812cff208:   000002d51b20cbaf 0000000000000000
0x000000d812cff218:   00000000ee7129e8 0000000773894f40
0x000000d812cff228:   0000000773893f28 000000d812cff268
0x000000d812cff238:   000000d812cff270 000000d812cff278
0x000000d812cff248:   00000000000003e8 0000000773893f08
0x000000d812cff258:   00007ffecfe6db20 00000007c09bedc8
0x000000d812cff268:   0000000773893f28 0000000773894f40
0x000000d812cff278:   0000000773895f58 000000d812cff2f0
0x000000d812cff288:   0000000000000000 00000000d8a02996
0x000000d812cff298:   000002d51bb5bdd0 00000000000003e8
0x000000d812cff2a8:   00007ffed2b18937 00007ffed2b1896a
0x000000d812cff2b8:   0000000000000000 0000000773893d10 

Instructions: (pc=0x00007ffea7f973e7)
0x00007ffea7f973c7:   d0 4d 0f 42 d3 65 4c 8b 1c 25 10 00 00 00 4d 3b
0x00007ffea7f973d7:   d3 73 16 66 41 81 e2 00 f0 4d 8d 9b 00 f0 ff ff
0x00007ffea7f973e7:   41 c6 03 00 4d 3b d3 75 f0 4c 8b 14 24 4c 8b 5c
0x00007ffea7f973f7:   24 08 48 83 c4 10 c3 cc cc 48 83 ec 28 85 d2 74 


Register to memory mapping:

RAX=0x000000000000d0e0 is an unknown value
RBX=0x00000000ee7129e8 is an unknown value
RCX=0x000002d535e05200 is an unknown value
RDX=0x000000d812cff250 is pointing into the stack for thread: 0x000002d535e05000
RSP=0x000000d812cff1c8 is pointing into the stack for thread: 0x000002d535e05000
RBP=0x000000d812cf2200 is pointing into the stack for thread: 0x000002d535e05000
RSI=0x0000000773894f40 is an oop
[I 
 - klass: {type array int}
 - length: 1025
RDI=0x0000000773893f28 is an oop
[I 
 - klass: {type array int}
 - length: 1025
R8 =0x000002d536e7e000 is an unknown value
R9 =0x0000000000000001 is an unknown value
R10=0x000000d812cf2000 is pointing into the stack for thread: 0x000002d535e05000
R11=0x000000d812cf4000 is pointing into the stack for thread: 0x000002d535e05000
R12=0x0000000000000000 is an unknown value
R13=0x000002d535e05000 is a thread
R14=0x0000000773893d10 is an oop
sun.nio.ch.WindowsSelectorImpl 
 - klass: 'sun/nio/ch/WindowsSelectorImpl'
 - ---- fields (total size 16 words):
 - private 'selectorOpen' 'Ljava/util/concurrent/atomic/AtomicBoolean;' @12  a 'java/util/concurrent/atomic/AtomicBoolean' (ee7127b2 d8c16a36)
 - private final 'provider' 'Ljava/nio/channels/spi/SelectorProvider;' @16  a 'sun/nio/ch/WindowsSelectorProvider' (d8c16a36 ee7127b4)
 - private final strict 'cancelledKeys' 'Ljava/util/Set;' @20  a 'java/util/HashSet' (ee7127b4 ee75aee0)
 - private 'interruptor' 'Lsun/nio/ch/Interruptible;' @24  a 'java/nio/channels/spi/AbstractSelector$1' (ee75aee0 ee7127c4)
 - protected strict 'selectedKeys' 'Ljava/util/Set;' @28  a 'java/util/HashSet' (ee7127c4 ee7127bc)
 - protected strict 'keys' 'Ljava/util/HashSet;' @32  a 'java/util/HashSet' (ee7127bc ee7127cc)
 - private strict 'publicKeys' 'Ljava/util/Set;' @36  a 'java/util/Collections$UnmodifiableSet' (ee7127cc ee7127ce)
 - private strict 'publicSelectedKeys' 'Ljava/util/Set;' @40  a 'sun/nio/ch/Util$3' (ee7127ce 8)
 - private final 'INIT_CAP' 'I' @44  8
 - private 'timeout' 'J' @48  1000 (3e8 0)
 - private 'updateCount' 'J' @56  0 (0 0)
 - private 'totalChannels' 'I' @64  1
 - private 'threadsCount' 'I' @68  0
 - private final 'wakeupSourceFd' 'I' @72  4272 (10b0)
 - private final 'wakeupSinkFd' 'I' @76  2124 (84c)
 - private volatile 'interruptTriggered' 'Z' @80  false
 - private 'channelArray' '[Lsun/nio/ch/SelectionKeyImpl;' @84  a 'sun/nio/ch/SelectionKeyImpl'[8]  (ee7127d0 ee712df6)
 - private 'pollWrapper' 'Lsun/nio/ch/PollArrayWrapper;' @88  a 'sun/nio/ch/PollArrayWrapper' (ee712df6 ee7127d6)
 - private final strict 'threads' 'Ljava/util/List;' @92  a 'java/util/ArrayList' (ee7127d6 ee712dfe)
 - private final 'wakeupPipe' 'Ljava/nio/channels/Pipe;' @96  a 'sun/nio/ch/PipeImpl' (ee712dfe ee7127d9)
 - private 'closeLock' 'Ljava/lang/Object;' @100  a 'java/lang/Object' (ee7127d9 ee7127db)
 - private final 'fdMap' 'Lsun/nio/ch/WindowsSelectorImpl$FdMap;' @104  a 'sun/nio/ch/WindowsSelectorImpl$FdMap' (ee7127db ee7127e1)
 - private final 'subSelector' 'Lsun/nio/ch/WindowsSelectorImpl$SubSelector;' @108  a 'sun/nio/ch/WindowsSelectorImpl$SubSelector' (ee7127e1 ee712dee)
 - private final 'interruptLock' 'Ljava/lang/Object;' @112  a 'java/lang/Object' (ee712dee ee712df0)
 - private final 'startLock' 'Lsun/nio/ch/WindowsSelectorImpl$StartLock;' @116  a 'sun/nio/ch/WindowsSelectorImpl$StartLock' (ee712df0 ee712df3)
 - private final 'finishLock' 'Lsun/nio/ch/WindowsSelectorImpl$FinishLock;' @120  a 'sun/nio/ch/WindowsSelectorImpl$FinishLock' (ee712df3 0)
R15=0x000002d535e05000 is a thread


Stack: [0x000000d812c00000,0x000000d812d00000],  sp=0x000000d812cff1c8,  free space=1020k
Native frames: (J=compiled Java code, j=interpreted, Vv=VM code, C=native code)
C  [nio.dll+0x73e7]

Java frames: (J=compiled Java code, j=interpreted, Vv=VM code)
J 6340  sun.nio.ch.WindowsSelectorImpl$SubSelector.poll0(JI[I[I[IJ)I (0 bytes) @ 0x000002d51b20cb12 [0x000002d51b20ca80+0x92]
J 9144 C2 sun.nio.ch.WindowsSelectorImpl.doSelect(J)I (136 bytes) @ 0x000002d51bb5bdd0 [0x000002d51bb5bac0+0x310]
J 10061 C2 org.apache.http.impl.nio.reactor.AbstractMultiworkerIOReactor$Worker.run()V (29 bytes) @ 0x000002d51bddea70 [0x000002d51bdde840+0x230]
J 9758 C2 java.lang.Thread.run()V (17 bytes) @ 0x000002d51ad3c4ac [0x000002d51ad3c460+0x4c]
v  ~StubRoutines::call_stub

---------------  P R O C E S S  ---------------

Java Threads: ( => current thread )
  0x000002d535e12000 JavaThread "I/O dispatcher 6160" [_thread_in_native, id=12504, stack(0x000000d812e00000,0x000000d812f00000)]
=>0x000002d535e05000 JavaThread "I/O dispatcher 6159" [_thread_in_native, id=22320, stack(0x000000d812c00000,0x000000d812d00000)]
  0x000002d535636000 JavaThread "I/O dispatcher 6158" [_thread_in_native, id=22344, stack(0x000000d811900000,0x000000d811a00000)]
  0x000002d535635000 JavaThread "I/O dispatcher 6157" [_thread_in_native, id=4724, stack(0x000000d811700000,0x000000d811800000)]
  0x000002d535634800 JavaThread "I/O dispatcher 6156" [_thread_in_native, id=22252, stack(0x000000d811600000,0x000000d811700000)]
  0x000002d535633000 JavaThread "I/O dispatcher 6155" [_thread_in_native, id=22348, stack(0x000000d811400000,0x000000d811500000)]
  0x000002d535636800 JavaThread "I/O dispatcher 6154" [_thread_in_native, id=22260, stack(0x000000d811200000,0x000000d811300000)]
  0x000002d535633800 JavaThread "I/O dispatcher 6153" [_thread_in_vm, id=22316, stack(0x000000d811100000,0x000000d811200000)]
  0x000002d535632000 JavaThread "pool-775-thread-1" [_thread_in_native, id=22120, stack(0x000000d810c00000,0x000000d810d00000)]
  0x000002d535631000 JavaThread "CloseableReaperThread" daemon [_thread_blocked, id=19588, stack(0x000000d80f600000,0x000000d80f700000)]
  0x000002d53562d800 JavaThread "Source: flink_source_StudentAchievements[1] -> DropUpdateBefore[2] -> ConstraintEnforcer[3] -> Sink: flink_target_StudentAchievements[3] (2/3)#257" [_thread_blocked, id=21912, stack(0x000000d80f400000,0x000000d80f500000)]
  0x000002d53a095800 JavaThread "flink-akka.actor.default-dispatcher-13" [_thread_blocked, id=4764, stack(0x000000d810e00000,0x000000d810f00000)]
  0x000002d535629000 JavaThread "Flink-DispatcherRestEndpoint-thread-4" daemon [_thread_blocked, id=13140, stack(0x000000d810d00000,0x000000d810e00000)]
  0x000002d53562f000 JavaThread "jobmanager-future-thread-8" daemon [_thread_blocked, id=15524, stack(0x000000d814200000,0x000000d814300000)]
  0x000002d53562c000 JavaThread "jobmanager-future-thread-7" daemon [_thread_blocked, id=3576, stack(0x000000d814100000,0x000000d814200000)]
  0x000002d535627800 JavaThread "jobmanager-future-thread-6" daemon [_thread_blocked, id=7792, stack(0x000000d811a00000,0x000000d811b00000)]
  0x000002d535629800 JavaThread "jobmanager-future-thread-5" daemon [_thread_blocked, id=18840, stack(0x000000d811500000,0x000000d811600000)]
  0x000002d53562a800 JavaThread "Flink-DispatcherRestEndpoint-thread-3" daemon [_thread_blocked, id=4180, stack(0x000000d813600000,0x000000d813700000)]
  0x000002d535628000 JavaThread "flink-akka.actor.default-dispatcher-12" [_thread_blocked, id=13616, stack(0x000000d812a00000,0x000000d812b00000)]
  0x000002d535e11000 JavaThread "jobmanager-future-thread-4" daemon [_thread_blocked, id=1636, stack(0x000000d814000000,0x000000d814100000)]
  0x000002d535e0e000 JavaThread "jobmanager-future-thread-3" daemon [_thread_blocked, id=18964, stack(0x000000d813f00000,0x000000d814000000)]
  0x000002d535e10800 JavaThread "jobmanager-future-thread-2" daemon [_thread_blocked, id=13676, stack(0x000000d813e00000,0x000000d813f00000)]
  0x000002d535e04800 JavaThread "SourceCoordinator-Source: flink_source_StudentAchievements[1]-worker-thread-1" daemon [_thread_blocked, id=10380, stack(0x000000d813d00000,0x000000d813e00000)]
  0x000002d535e0a800 JavaThread "pool-1-thread-1" [_thread_blocked, id=11488, stack(0x000000d813c00000,0x000000d813d00000)]
  0x000002d535e0b000 JavaThread "snapshot-splitting" [_thread_blocked, id=18988, stack(0x000000d813b00000,0x000000d813c00000)]
  0x000002d535e09800 JavaThread "jobmanager-future-thread-1" daemon [_thread_blocked, id=2124, stack(0x000000d813a00000,0x000000d813b00000)]
  0x000002d535e09000 JavaThread "DestroyJavaVM" [_thread_blocked, id=12472, stack(0x000000d80f700000,0x000000d80f800000)]
  0x000002d535e03800 JavaThread "Checkpoint Timer" daemon [_thread_blocked, id=16784, stack(0x000000d813800000,0x000000d813900000)]
  0x000002d535e08000 JavaThread "SourceCoordinator-Source: flink_source_StudentAchievements[1]" [_thread_blocked, id=17864, stack(0x000000d813900000,0x000000d813a00000)]
  0x000002d535e07800 JavaThread "Flink-DispatcherRestEndpoint-thread-2" daemon [_thread_blocked, id=9800, stack(0x000000d813700000,0x000000d813800000)]
  0x000002d535e06800 JavaThread "connection-pool-47.120.73.205:3307 housekeeper" daemon [_thread_blocked, id=7784, stack(0x000000d811000000,0x000000d811100000)]
  0x000002d535e06000 JavaThread "mysql-cj-abandoned-connection-cleanup" daemon [_thread_blocked, id=19436, stack(0x000000d813400000,0x000000d813500000)]
  0x000002d53ca21800 JavaThread "jobmanager_3-main-scheduler-thread-1" daemon [_thread_blocked, id=7820, stack(0x000000d813300000,0x000000d813400000)]
  0x000002d53ca28800 JavaThread "jobmanager-io-thread-1" daemon [_thread_blocked, id=10148, stack(0x000000d813200000,0x000000d813300000)]
  0x000002d53ca23000 JavaThread "taskmanager_0-main-scheduler-thread-1" daemon [_thread_blocked, id=4428, stack(0x000000d813100000,0x000000d813200000)]
  0x000002d53ca22800 JavaThread "flink-akka.actor.default-dispatcher-11" [_thread_blocked, id=11840, stack(0x000000d812d00000,0x000000d812e00000)]
  0x000002d53ca27000 JavaThread "flink-akka.actor.default-dispatcher-10" [_thread_blocked, id=9928, stack(0x000000d812b00000,0x000000d812c00000)]
  0x000002d53ca24000 JavaThread "resourcemanager_2-main-scheduler-thread-1" daemon [_thread_blocked, id=10360, stack(0x000000d812900000,0x000000d812a00000)]
  0x000002d53ca1a000 JavaThread "mini-cluster-io-thread-4" daemon [_thread_blocked, id=10680, stack(0x000000d812800000,0x000000d812900000)]
  0x000002d53ca20000 JavaThread "pool-2-thread-1" [_thread_blocked, id=9360, stack(0x000000d812700000,0x000000d812800000)]
  0x000002d53ca1f800 JavaThread "mini-cluster-io-thread-3" daemon [_thread_blocked, id=15868, stack(0x000000d812600000,0x000000d812700000)]
  0x000002d53ca1b800 JavaThread "mini-cluster-io-thread-2" daemon [_thread_blocked, id=8096, stack(0x000000d812500000,0x000000d812600000)]
  0x000002d53ca1e800 JavaThread "Flink-DispatcherRestEndpoint-thread-1" daemon [_thread_blocked, id=304, stack(0x000000d812400000,0x000000d812500000)]
  0x000002d53ca1e000 JavaThread "mini-cluster-io-thread-1" daemon [_thread_blocked, id=17616, stack(0x000000d812300000,0x000000d812400000)]
  0x000002d53ca1d000 JavaThread "flink-rest-server-netty-boss-thread-1" daemon [_thread_in_native, id=17244, stack(0x000000d812200000,0x000000d812300000)]
  0x000002d53ca19800 JavaThread "Flink-MetricRegistry-thread-1" daemon [_thread_blocked, id=13940, stack(0x000000d812100000,0x000000d812200000)]
  0x000002d53ca1b000 JavaThread "IOManager reader thread #1" daemon [_thread_blocked, id=7800, stack(0x000000d812000000,0x000000d812100000)]
  0x000002d53ca1c800 JavaThread "IOManager writer thread #1" daemon [_thread_blocked, id=1796, stack(0x000000d811f00000,0x000000d812000000)]
  0x000002d53a095000 JavaThread "Timer-2" daemon [_thread_blocked, id=13276, stack(0x000000d811e00000,0x000000d811f00000)]
  0x000002d53a098000 JavaThread "Timer-1" daemon [_thread_blocked, id=19612, stack(0x000000d811d00000,0x000000d811e00000)]
  0x000002d53a097000 JavaThread "BLOB Server listener at 51929" daemon [_thread_in_native, id=8084, stack(0x000000d811c00000,0x000000d811d00000)]
  0x000002d53a09b000 JavaThread "Timer-0" daemon [_thread_blocked, id=6924, stack(0x000000d811b00000,0x000000d811c00000)]
  0x000002d53a099800 JavaThread "flink-metrics-6" [_thread_blocked, id=20620, stack(0x000000d811800000,0x000000d811900000)]
  0x000002d53a08b800 JavaThread "flink-metrics-scheduler-1" [_thread_blocked, id=11456, stack(0x000000d811300000,0x000000d811400000)]
  0x000002d53a387000 JavaThread "flink-scheduler-1" [_thread_blocked, id=14684, stack(0x000000d810b00000,0x000000d810c00000)]
  0x000002d5340ad000 JavaThread "Service Thread" daemon [_thread_blocked, id=13152, stack(0x000000d810900000,0x000000d810a00000)]
  0x000002d53538c800 JavaThread "C1 CompilerThread3" daemon [_thread_blocked, id=300, stack(0x000000d810800000,0x000000d810900000)]
  0x000002d534091800 JavaThread "C2 CompilerThread2" daemon [_thread_blocked, id=20044, stack(0x000000d810700000,0x000000d810800000)]
  0x000002d53408e800 JavaThread "C2 CompilerThread1" daemon [_thread_blocked, id=21260, stack(0x000000d810600000,0x000000d810700000)]
  0x000002d534089800 JavaThread "C2 CompilerThread0" daemon [_thread_blocked, id=19584, stack(0x000000d810500000,0x000000d810600000)]
  0x000002d534089000 JavaThread "Attach Listener" daemon [_thread_blocked, id=6948, stack(0x000000d810400000,0x000000d810500000)]
  0x000002d534088000 JavaThread "Signal Dispatcher" daemon [_thread_blocked, id=14516, stack(0x000000d810300000,0x000000d810400000)]
  0x000002d534001800 JavaThread "Finalizer" daemon [_thread_blocked, id=8452, stack(0x000000d810200000,0x000000d810300000)]
  0x000002d533fda800 JavaThread "Reference Handler" daemon [_thread_blocked, id=18764, stack(0x000000d810100000,0x000000d810200000)]

Other Threads:
  0x000002d5333fe800 VMThread [stack: 0x000000d810000000,0x000000d810100000] [id=12132]
  0x000002d5353de800 WatcherThread [stack: 0x000000d810a00000,0x000000d810b00000] [id=21228]

VM state:not at safepoint (normal execution)

VM Mutex/Monitor currently owned by a thread: None

OutOfMemory and StackOverflow Exception counts:
OutOfMemoryError java_heap_errors=2

heap address: 0x00000006c5000000, size: 4016 MB, Compressed Oops mode: Zero based, Oop shift amount: 3
Narrow klass base: 0x0000000000000000, Narrow klass shift: 3
Compressed class space size: 1073741824 Address: 0x00000007c0000000

Heap:
 PSYoungGen      total 354304K, used 156025K [0x000000076c580000, 0x0000000785f80000, 0x00000007c0000000)
  eden space 307200K, 39% used [0x000000076c580000,0x0000000773b8acf8,0x000000077f180000)
  from space 47104K, 74% used [0x0000000783180000,0x00000007853d3a58,0x0000000785f80000)
  to   space 56320K, 0% used [0x000000077f180000,0x000000077f180000,0x0000000782880000)
 ParOldGen       total 240640K, used 38614K [0x00000006c5000000, 0x00000006d3b00000, 0x000000076c580000)
  object space 240640K, 16% used [0x00000006c5000000,0x00000006c75b5ba8,0x00000006d3b00000)
 Metaspace       used 99663K, capacity 106661K, committed 106828K, reserved 1140736K
  class space    used 14125K, capacity 15397K, committed 15488K, reserved 1048576K

Card table byte_map: [0x000002d529880000,0x000002d52a060000] byte_map_base: 0x000002d526258000

Marking Bits: (ParMarkBitMap*) 0x00007ffe462170d0
 Begin Bits: [0x000002d52a5a0000, 0x000002d52e460000)
 End Bits:   [0x000002d52e460000, 0x000002d532320000)

Polling page: 0x000002d518c80000

CodeCache: size=245760Kb used=25937Kb max_used=25948Kb free=219822Kb
 bounds [0x000002d51a4c0000, 0x000002d51be40000, 0x000002d5294c0000]
 total_blobs=9119 nmethods=8309 adapters=720
 compilation: enabled

Compilation events (10 events):
Event: 609.714 Thread 0x000002d53538c800 10236       3       java.io.ObjectStreamClass::access$2400 (8 bytes)
Event: 609.715 Thread 0x000002d53538c800 nmethod 10236 0x000002d51aa97090 code [0x000002d51aa97200, 0x000002d51aa97350]
Event: 609.715 Thread 0x000002d53538c800 10238       3       java.lang.StackTraceElement::toString (140 bytes)
Event: 609.719 Thread 0x000002d53538c800 nmethod 10238 0x000002d51b6b1a50 code [0x000002d51b6b1d80, 0x000002d51b6b3a30]
Event: 609.719 Thread 0x000002d53538c800 10239       3       java.lang.StackTraceElement::isNativeMethod (15 bytes)
Event: 609.720 Thread 0x000002d53538c800 nmethod 10239 0x000002d51b05da90 code [0x000002d51b05dbe0, 0x000002d51b05dd98]
Event: 609.724 Thread 0x000002d53408e800 10240       4       sun.reflect.ClassFileAssembler::emitConstantPoolNameAndType (28 bytes)
Event: 609.730 Thread 0x000002d53538c800 10241       3       scala.PartialFunction$OrElse::applyOrElse (41 bytes)
Event: 609.733 Thread 0x000002d53538c800 nmethod 10241 0x000002d51b6c88d0 code [0x000002d51b6c8a60, 0x000002d51b6c8fa0]
Event: 609.746 Thread 0x000002d53408e800 nmethod 10240 0x000002d51bdf3690 code [0x000002d51bdf3840, 0x000002d51bdf3e40]

GC Heap History (10 events):
Event: 322.423 GC heap before
{Heap before GC invocations=18 (full 4):
 PSYoungGen      total 362496K, used 357852K [0x000000076c580000, 0x0000000787900000, 0x00000007c0000000)
  eden space 320512K, 100% used [0x000000076c580000,0x000000077fe80000,0x000000077fe80000)
  from space 41984K, 88% used [0x000000077fe80000,0x00000007822f7128,0x0000000782780000)
  to   space 46592K, 0% used [0x0000000784b80000,0x0000000784b80000,0x0000000787900000)
 ParOldGen       total 240640K, used 38582K [0x00000006c5000000, 0x00000006d3b00000, 0x000000076c580000)
  object space 240640K, 16% used [0x00000006c5000000,0x00000006c75adba8,0x00000006d3b00000)
 Metaspace       used 98890K, capacity 105947K, committed 106060K, reserved 1140736K
  class space    used 14115K, capacity 15386K, committed 15488K, reserved 1048576K
Event: 322.541 GC heap after
Heap after GC invocations=18 (full 4):
 PSYoungGen      total 347648K, used 36482K [0x000000076c580000, 0x0000000786f80000, 0x00000007c0000000)
  eden space 310784K, 0% used [0x000000076c580000,0x000000076c580000,0x000000077f500000)
  from space 36864K, 98% used [0x0000000784b80000,0x0000000786f20988,0x0000000786f80000)
  to   space 49664K, 0% used [0x0000000780e80000,0x0000000780e80000,0x0000000783f00000)
 ParOldGen       total 240640K, used 38590K [0x00000006c5000000, 0x00000006d3b00000, 0x000000076c580000)
  object space 240640K, 16% used [0x00000006c5000000,0x00000006c75afba8,0x00000006d3b00000)
 Metaspace       used 98890K, capacity 105947K, committed 106060K, reserved 1140736K
  class space    used 14115K, capacity 15386K, committed 15488K, reserved 1048576K
}
Event: 390.884 GC heap before
{Heap before GC invocations=19 (full 4):
 PSYoungGen      total 347648K, used 347266K [0x000000076c580000, 0x0000000786f80000, 0x00000007c0000000)
  eden space 310784K, 100% used [0x000000076c580000,0x000000077f500000,0x000000077f500000)
  from space 36864K, 98% used [0x0000000784b80000,0x0000000786f20988,0x0000000786f80000)
  to   space 49664K, 0% used [0x0000000780e80000,0x0000000780e80000,0x0000000783f00000)
 ParOldGen       total 240640K, used 38590K [0x00000006c5000000, 0x00000006d3b00000, 0x000000076c580000)
  object space 240640K, 16% used [0x00000006c5000000,0x00000006c75afba8,0x00000006d3b00000)
 Metaspace       used 98912K, capacity 105947K, committed 106060K, reserved 1140736K
  class space    used 14117K, capacity 15386K, committed 15488K, reserved 1048576K
Event: 391.686 GC heap after
Heap after GC invocations=19 (full 4):
 PSYoungGen      total 386560K, used 36988K [0x000000076c580000, 0x0000000788100000, 0x00000007c0000000)
  eden space 336896K, 0% used [0x000000076c580000,0x000000076c580000,0x0000000780e80000)
  from space 49664K, 74% used [0x0000000780e80000,0x000000078329f128,0x0000000783f00000)
  to   space 52224K, 0% used [0x0000000784e00000,0x0000000784e00000,0x0000000788100000)
 ParOldGen       total 240640K, used 38590K [0x00000006c5000000, 0x00000006d3b00000, 0x000000076c580000)
  object space 240640K, 16% used [0x00000006c5000000,0x00000006c75afba8,0x00000006d3b00000)
 Metaspace       used 98912K, capacity 105947K, committed 106060K, reserved 1140736K
  class space    used 14117K, capacity 15386K, committed 15488K, reserved 1048576K
}
Event: 454.255 GC heap before
{Heap before GC invocations=20 (full 4):
 PSYoungGen      total 386560K, used 373884K [0x000000076c580000, 0x0000000788100000, 0x00000007c0000000)
  eden space 336896K, 100% used [0x000000076c580000,0x0000000780e80000,0x0000000780e80000)
  from space 49664K, 74% used [0x0000000780e80000,0x000000078329f128,0x0000000783f00000)
  to   space 52224K, 0% used [0x0000000784e00000,0x0000000784e00000,0x0000000788100000)
 ParOldGen       total 240640K, used 38590K [0x00000006c5000000, 0x00000006d3b00000, 0x000000076c580000)
  object space 240640K, 16% used [0x00000006c5000000,0x00000006c75afba8,0x00000006d3b00000)
 Metaspace       used 99583K, capacity 106539K, committed 106828K, reserved 1140736K
  class space    used 14117K, capacity 15386K, committed 15488K, reserved 1048576K
Event: 454.345 GC heap after
Heap after GC invocations=20 (full 4):
 PSYoungGen      total 365568K, used 38406K [0x000000076c580000, 0x0000000787400000, 0x00000007c0000000)
  eden space 326656K, 0% used [0x000000076c580000,0x000000076c580000,0x0000000780480000)
  from space 38912K, 98% used [0x0000000784e00000,0x0000000787381b98,0x0000000787400000)
  to   space 54784K, 0% used [0x0000000780900000,0x0000000780900000,0x0000000783e80000)
 ParOldGen       total 240640K, used 38598K [0x00000006c5000000, 0x00000006d3b00000, 0x000000076c580000)
  object space 240640K, 16% used [0x00000006c5000000,0x00000006c75b1ba8,0x00000006d3b00000)
 Metaspace       used 99583K, capacity 106539K, committed 106828K, reserved 1140736K
  class space    used 14117K, capacity 15386K, committed 15488K, reserved 1048576K
}
Event: 531.629 GC heap before
{Heap before GC invocations=21 (full 4):
 PSYoungGen      total 365568K, used 365062K [0x000000076c580000, 0x0000000787400000, 0x00000007c0000000)
  eden space 326656K, 100% used [0x000000076c580000,0x0000000780480000,0x0000000780480000)
  from space 38912K, 98% used [0x0000000784e00000,0x0000000787381b98,0x0000000787400000)
  to   space 54784K, 0% used [0x0000000780900000,0x0000000780900000,0x0000000783e80000)
 ParOldGen       total 240640K, used 38598K [0x00000006c5000000, 0x00000006d3b00000, 0x000000076c580000)
  object space 240640K, 16% used [0x00000006c5000000,0x00000006c75b1ba8,0x00000006d3b00000)
 Metaspace       used 99610K, capacity 106607K, committed 106828K, reserved 1140736K
  class space    used 14118K, capacity 15386K, committed 15488K, reserved 1048576K
Event: 532.059 GC heap after
Heap after GC invocations=21 (full 4):
 PSYoungGen      total 353792K, used 36467K [0x000000076c580000, 0x0000000786800000, 0x00000007c0000000)
  eden space 316928K, 0% used [0x000000076c580000,0x000000076c580000,0x000000077fb00000)
  from space 36864K, 98% used [0x0000000780900000,0x0000000782c9cc68,0x0000000782d00000)
  to   space 55808K, 0% used [0x0000000783180000,0x0000000783180000,0x0000000786800000)
 ParOldGen       total 240640K, used 38606K [0x00000006c5000000, 0x00000006d3b00000, 0x000000076c580000)
  object space 240640K, 16% used [0x00000006c5000000,0x00000006c75b3ba8,0x00000006d3b00000)
 Metaspace       used 99610K, capacity 106607K, committed 106828K, reserved 1140736K
  class space    used 14118K, capacity 15386K, committed 15488K, reserved 1048576K
}
Event: 587.064 GC heap before
{Heap before GC invocations=22 (full 4):
 PSYoungGen      total 353792K, used 353395K [0x000000076c580000, 0x0000000786800000, 0x00000007c0000000)
  eden space 316928K, 100% used [0x000000076c580000,0x000000077fb00000,0x000000077fb00000)
  from space 36864K, 98% used [0x0000000780900000,0x0000000782c9cc68,0x0000000782d00000)
  to   space 55808K, 0% used [0x0000000783180000,0x0000000783180000,0x0000000786800000)
 ParOldGen       total 240640K, used 38606K [0x00000006c5000000, 0x00000006d3b00000, 0x000000076c580000)
  object space 240640K, 16% used [0x00000006c5000000,0x00000006c75b3ba8,0x00000006d3b00000)
 Metaspace       used 99613K, capacity 106607K, committed 106828K, reserved 1140736K
  class space    used 14118K, capacity 15386K, committed 15488K, reserved 1048576K
Event: 587.215 GC heap after
Heap after GC invocations=22 (full 4):
 PSYoungGen      total 354304K, used 35150K [0x000000076c580000, 0x0000000785f80000, 0x00000007c0000000)
  eden space 307200K, 0% used [0x000000076c580000,0x000000076c580000,0x000000077f180000)
  from space 47104K, 74% used [0x0000000783180000,0x00000007853d3a58,0x0000000785f80000)
  to   space 56320K, 0% used [0x000000077f180000,0x000000077f180000,0x0000000782880000)
 ParOldGen       total 240640K, used 38614K [0x00000006c5000000, 0x00000006d3b00000, 0x000000076c580000)
  object space 240640K, 16% used [0x00000006c5000000,0x00000006c75b5ba8,0x00000006d3b00000)
 Metaspace       used 99613K, capacity 106607K, committed 106828K, reserved 1140736K
  class space    used 14118K, capacity 15386K, committed 15488K, reserved 1048576K
}

Deoptimization events (10 events):
Event: 609.709 Thread 0x000002d53a095800 Uncommon trap: reason=class_check action=maybe_recompile pc=0x000002d51a89be7c method=sun.reflect.GeneratedMethodAccessor12.invoke(Ljava/lang/Object;[Ljava/lang/Object;)Ljava/lang/Object; @ 13
Event: 609.715 Thread 0x000002d53a095800 Uncommon trap: reason=speculate_class_check action=maybe_recompile pc=0x000002d51bd2113c method=org.apache.flink.util.SerializedThrowable.<init>(Ljava/lang/Throwable;Ljava/util/Set;)V @ 72
Event: 609.715 Thread 0x000002d53a095800 Uncommon trap: reason=speculate_class_check action=maybe_recompile pc=0x000002d51acaae04 method=org.apache.flink.util.SerializedThrowable.getClassNameAndMessageOrError(Ljava/lang/Throwable;)Ljava/lang/String; @ 9
Event: 609.715 Thread 0x000002d53a095800 Uncommon trap: reason=class_check action=maybe_recompile pc=0x000002d51a89be7c method=sun.reflect.GeneratedMethodAccessor12.invoke(Ljava/lang/Object;[Ljava/lang/Object;)Ljava/lang/Object; @ 13
Event: 609.715 Thread 0x000002d53a095800 Uncommon trap: reason=speculate_class_check action=maybe_recompile pc=0x000002d51bd2113c method=org.apache.flink.util.SerializedThrowable.<init>(Ljava/lang/Throwable;Ljava/util/Set;)V @ 72
Event: 609.716 Thread 0x000002d53a095800 Uncommon trap: reason=speculate_class_check action=maybe_recompile pc=0x000002d51acaae04 method=org.apache.flink.util.SerializedThrowable.getClassNameAndMessageOrError(Ljava/lang/Throwable;)Ljava/lang/String; @ 9
Event: 609.716 Thread 0x000002d53a095800 Uncommon trap: reason=class_check action=maybe_recompile pc=0x000002d51a89be7c method=sun.reflect.GeneratedMethodAccessor12.invoke(Ljava/lang/Object;[Ljava/lang/Object;)Ljava/lang/Object; @ 13
Event: 609.716 Thread 0x000002d53a095800 Uncommon trap: reason=speculate_class_check action=maybe_recompile pc=0x000002d51bd2113c method=org.apache.flink.util.SerializedThrowable.<init>(Ljava/lang/Throwable;Ljava/util/Set;)V @ 72
Event: 609.717 Thread 0x000002d53a095800 Uncommon trap: reason=speculate_class_check action=maybe_recompile pc=0x000002d51bd2113c method=org.apache.flink.util.SerializedThrowable.<init>(Ljava/lang/Throwable;Ljava/util/Set;)V @ 72
Event: 609.728 Thread 0x000002d53562f800 Uncommon trap: reason=speculate_class_check action=maybe_recompile pc=0x000002d51bd2113c method=org.apache.flink.util.SerializedThrowable.<init>(Ljava/lang/Throwable;Ljava/util/Set;)V @ 72

Classes redefined (0 events):
No events

Internal exceptions (10 events):
Event: 594.863 Thread 0x000002d53562f800 Exception <a 'java/lang/InterruptedException'> (0x000000076efc8120) thrown at [C:\jenkins\workspace\8-2-build-windows-x64-cygwin-sans-NAS\jdk8u411\893\hotspot\src\share\vm\runtime\objectMonitor.cpp, line 1686]
Event: 596.979 Thread 0x000002d535631000 Exception <a 'java/lang/InterruptedException'> (0x000000076fb21028) thrown at [C:\jenkins\workspace\8-2-build-windows-x64-cygwin-sans-NAS\jdk8u411\893\hotspot\src\share\vm\runtime\objectMonitor.cpp, line 1686]
Event: 599.074 Thread 0x000002d53562d800 Exception <a 'java/lang/InterruptedException'> (0x0000000770752910) thrown at [C:\jenkins\workspace\8-2-build-windows-x64-cygwin-sans-NAS\jdk8u411\893\hotspot\src\share\vm\runtime\objectMonitor.cpp, line 1686]
Event: 601.294 Thread 0x000002d535632000 Exception <a 'java/lang/InterruptedException'> (0x0000000771215900) thrown at [C:\jenkins\workspace\8-2-build-windows-x64-cygwin-sans-NAS\jdk8u411\893\hotspot\src\share\vm\runtime\objectMonitor.cpp, line 1686]
Event: 603.377 Thread 0x000002d535631000 Exception <a 'java/lang/InterruptedException'> (0x0000000771dad298) thrown at [C:\jenkins\workspace\8-2-build-windows-x64-cygwin-sans-NAS\jdk8u411\893\hotspot\src\share\vm\runtime\objectMonitor.cpp, line 1686]
Event: 606.277 Thread 0x000002d53562f800 Exception <a 'java/lang/InterruptedException'> (0x000000077293abc0) thrown at [C:\jenkins\workspace\8-2-build-windows-x64-cygwin-sans-NAS\jdk8u411\893\hotspot\src\share\vm\runtime\objectMonitor.cpp, line 1686]
Event: 608.606 Thread 0x000002d53562f800 Exception <a 'java/lang/InterruptedException'> (0x00000007734d5d88) thrown at [C:\jenkins\workspace\8-2-build-windows-x64-cygwin-sans-NAS\jdk8u411\893\hotspot\src\share\vm\runtime\objectMonitor.cpp, line 1686]
Event: 609.668 Thread 0x000002d53a095800 Exception <a 'java/lang/OutOfMemoryError': unable to create new native thread> (0x000000077391c3b0) thrown at [C:\jenkins\workspace\8-2-build-windows-x64-cygwin-sans-NAS\jdk8u411\893\hotspot\src\share\vm\prims\jvm.cpp, line 3164]
Event: 609.674 Thread 0x000002d53562b000 Exception <a 'java/lang/OutOfMemoryError': unable to create new native thread> (0x00000007738c79b8) thrown at [C:\jenkins\workspace\8-2-build-windows-x64-cygwin-sans-NAS\jdk8u411\893\hotspot\src\share\vm\prims\jvm.cpp, line 3164]
Event: 609.696 Thread 0x000002d53562f800 Implicit null exception at 0x000002d51bb18877 to 0x000002d51bb18aa7

Events (10 events):
Event: 609.728 Thread 0x000002d53562f800 Uncommon trap: trap_request=0xffffff76 fr.pc=0x000002d51bd2113c
Event: 609.728 Thread 0x000002d53562f800 DEOPT PACKING pc=0x000002d51bd2113c sp=0x000000d80f5feeb0
Event: 609.728 Thread 0x000002d53562f800 DEOPT UNPACKING pc=0x000002d51a5058c3 sp=0x000000d80f5feed0 mode 2
Event: 609.733 Thread 0x000002d53562f800 Thread exited: 0x000002d53562f800
Event: 609.737 loading class org/apache/flink/runtime/shuffle/ShuffleDescriptor
Event: 609.737 loading class org/apache/flink/runtime/shuffle/ShuffleDescriptor done
Event: 609.738 loading class org/apache/flink/runtime/shuffle/ShuffleDescriptor
Event: 609.738 loading class org/apache/flink/runtime/shuffle/ShuffleDescriptor done
Event: 609.738 loading class org/apache/flink/runtime/shuffle/ShuffleMaster
Event: 609.738 loading class org/apache/flink/runtime/shuffle/ShuffleMaster done


Dynamic libraries:
0x00007ff6ce2a0000 - 0x00007ff6ce2ea000 	D:\Java\jre-1.8\bin\java.exe
0x00007ffed2af0000 - 0x00007ffed2d07000 	C:\WINDOWS\SYSTEM32\ntdll.dll
0x00007ffed1570000 - 0x00007ffed1634000 	C:\WINDOWS\System32\KERNEL32.DLL
0x00007ffed0030000 - 0x00007ffed03dc000 	C:\WINDOWS\System32\KERNELBASE.dll
0x00007ffed1740000 - 0x00007ffed17f2000 	C:\WINDOWS\System32\ADVAPI32.dll
0x00007ffed2840000 - 0x00007ffed28e7000 	C:\WINDOWS\System32\msvcrt.dll
0x00007ffed09d0000 - 0x00007ffed0a7a000 	C:\WINDOWS\System32\sechost.dll
0x00007ffed0000000 - 0x00007ffed0028000 	C:\WINDOWS\System32\bcrypt.dll
0x00007ffed2720000 - 0x00007ffed2835000 	C:\WINDOWS\System32\RPCRT4.dll
0x00007ffed13c0000 - 0x00007ffed156e000 	C:\WINDOWS\System32\USER32.dll
0x00007ffed05a0000 - 0x00007ffed05c6000 	C:\WINDOWS\System32\win32u.dll
0x00007ffed1d90000 - 0x00007ffed1db9000 	C:\WINDOWS\System32\GDI32.dll
0x00007ffed03e0000 - 0x00007ffed04f9000 	C:\WINDOWS\System32\gdi32full.dll
0x00007ffed0500000 - 0x00007ffed059a000 	C:\WINDOWS\System32\msvcp_win.dll
0x00007ffed0650000 - 0x00007ffed0761000 	C:\WINDOWS\System32\ucrtbase.dll
0x00007ffebef70000 - 0x00007ffebf203000 	C:\WINDOWS\WinSxS\amd64_microsoft.windows.common-controls_6595b64144ccf1df_6.0.22621.3672_none_2713b9d173822955\COMCTL32.dll
0x00007ffed0830000 - 0x00007ffed0861000 	C:\WINDOWS\System32\IMM32.DLL
0x00007ffec5670000 - 0x00007ffec568b000 	D:\Java\jre-1.8\bin\vcruntime140.dll
0x00007ffec9620000 - 0x00007ffec962c000 	D:\Java\jre-1.8\bin\vcruntime140_1.dll
0x00007ffe8cf30000 - 0x00007ffe8cfbe000 	D:\Java\jre-1.8\bin\msvcp140.dll
0x00007ffe459e0000 - 0x00007ffe46291000 	D:\Java\jre-1.8\bin\server\jvm.dll
0x00007ffed1dc0000 - 0x00007ffed1dc8000 	C:\WINDOWS\System32\PSAPI.DLL
0x00007ffea3bd0000 - 0x00007ffea3bd9000 	C:\WINDOWS\SYSTEM32\WSOCK32.dll
0x00007ffec6f60000 - 0x00007ffec6f6a000 	C:\WINDOWS\SYSTEM32\VERSION.dll
0x00007ffec7280000 - 0x00007ffec72b4000 	C:\WINDOWS\SYSTEM32\WINMM.dll
0x00007ffed1f70000 - 0x00007ffed1fe1000 	C:\WINDOWS\System32\ws2_32.DLL
0x00007ffecef00000 - 0x00007ffecef18000 	C:\WINDOWS\SYSTEM32\kernel.appcore.dll
0x00007ffec9960000 - 0x00007ffec9970000 	D:\Java\jre-1.8\bin\verify.dll
0x00007ffec5640000 - 0x00007ffec566b000 	D:\Java\jre-1.8\bin\java.dll
0x00007ffec5380000 - 0x00007ffec5398000 	D:\Java\jre-1.8\bin\zip.dll
0x00007ffed0a80000 - 0x00007ffed12dc000 	C:\WINDOWS\System32\SHELL32.dll
0x00007ffecdd20000 - 0x00007ffece617000 	C:\WINDOWS\SYSTEM32\windows.storage.dll
0x00007ffed1900000 - 0x00007ffed1c88000 	C:\WINDOWS\System32\combase.dll
0x00007ffecdbe0000 - 0x00007ffecdd1f000 	C:\WINDOWS\SYSTEM32\wintypes.dll
0x00007ffed1800000 - 0x00007ffed18f4000 	C:\WINDOWS\System32\SHCORE.dll
0x00007ffed1360000 - 0x00007ffed13be000 	C:\WINDOWS\System32\shlwapi.dll
0x00007ffecfd50000 - 0x00007ffecfd71000 	C:\WINDOWS\SYSTEM32\profapi.dll
0x00007ffebb860000 - 0x00007ffebb87c000 	D:\Java\jre-1.8\bin\net.dll
0x00007ffecf360000 - 0x00007ffecf3c9000 	C:\WINDOWS\system32\mswsock.dll
0x00007ffea7f90000 - 0x00007ffea7fa3000 	D:\Java\jre-1.8\bin\nio.dll
0x00007ffecf570000 - 0x00007ffecf58b000 	C:\WINDOWS\SYSTEM32\CRYPTSP.dll
0x00007ffecee60000 - 0x00007ffecee95000 	C:\WINDOWS\system32\rsaenh.dll
0x00007ffecf410000 - 0x00007ffecf438000 	C:\WINDOWS\SYSTEM32\USERENV.dll
0x00007ffed05d0000 - 0x00007ffed064b000 	C:\WINDOWS\System32\bcryptprimitives.dll
0x00007ffecf590000 - 0x00007ffecf59c000 	C:\WINDOWS\SYSTEM32\CRYPTBASE.dll
0x00007ffece880000 - 0x00007ffece8ad000 	C:\WINDOWS\SYSTEM32\IPHLPAPI.DLL
0x00007ffed1660000 - 0x00007ffed1669000 	C:\WINDOWS\System32\NSI.dll
0x00007ffec9970000 - 0x00007ffec9989000 	C:\WINDOWS\SYSTEM32\dhcpcsvc6.DLL
0x00007ffec9810000 - 0x00007ffec982f000 	C:\WINDOWS\SYSTEM32\dhcpcsvc.DLL
0x00007ffece920000 - 0x00007ffecea18000 	C:\WINDOWS\SYSTEM32\DNSAPI.dll
0x00007ffec9590000 - 0x00007ffec959d000 	D:\Java\jre-1.8\bin\management.dll
0x00007ffeadda0000 - 0x00007ffeaddb7000 	C:\WINDOWS\system32\napinsp.dll
0x00007ffeadd80000 - 0x00007ffeadd9b000 	C:\WINDOWS\system32\pnrpnsp.dll
0x00007ffea7b50000 - 0x00007ffea7b61000 	C:\WINDOWS\System32\winrnr.dll
0x00007ffea7b30000 - 0x00007ffea7b45000 	C:\WINDOWS\system32\wshbth.dll
0x00007ffea7b00000 - 0x00007ffea7b27000 	C:\WINDOWS\system32\nlansp_c.dll
0x00007ffec6f50000 - 0x00007ffec6f5a000 	C:\Windows\System32\rasadhlp.dll
0x00007ffec71f0000 - 0x00007ffec7273000 	C:\WINDOWS\System32\fwpuclnt.dll
0x00007ffea7a20000 - 0x00007ffea7a45000 	D:\Java\jre-1.8\bin\sunec.dll
0x00007ffec6b80000 - 0x00007ffec6b8e000 	D:\Java\jre-1.8\bin\sunmscapi.dll
0x00007ffecfe20000 - 0x00007ffecff87000 	C:\WINDOWS\System32\CRYPT32.dll
0x00007ffecf7d0000 - 0x00007ffecf7fe000 	C:\WINDOWS\SYSTEM32\ncrypt.dll
0x00007ffecf790000 - 0x00007ffecf7c7000 	C:\WINDOWS\SYSTEM32\NTASN1.dll

VM Arguments:
java_command: com.demo.flink.FlinkCdcMySql CREATE DATABASE IF NOT EXISTS flink_source CREATE TABLE flink_source.flink_source_StudentAchievements (
  `student_id` int,
  `public_required_gpa` decimal(3,2),
  `specialized_elective_gpa` decimal(3,2),
  `specialized_required_gpa` decimal(3,2),
  `party_building_awards` int,
  `academic_competitions` int,
  `art_competitions` int,
  `sports_competitions` int,
  `entrepreneurship_competitions` int,
  `academic_achievements` int,
  `high_level_papers` int,
  `volunteer_hours` int,
  `patents` int,
  `software_copyrights` int,
  `monographs_published` int,
  `education_level` varchar(50),
  `grade` int,
  `class` int,
  PRIMARY KEY (`student_id`) NOT ENFORCED
) WITH (
  'connector'  = 'mysql-cdc',
  'hostname'   = '47.120.73.205',
  'port'   = '3307',
  'database-name'   = 'source',
  'table-name' = 'StudentAchievements',
  'username'   = 'root',
  'password'   = '2024'
) CREATE TABLE flink_source.flink_target_StudentAchievements (
  `student_id` int,
  `public_required_gpa` decimal(3,2),
  `specialized_elective_gpa` decimal(3,2),
  `specialized_required_gpa` decimal(3,2),
  `party_building_awards` int,
  `academic_competitions` int,
  `art_competitions` int,
  `sports_competitions` int,
  `entrepreneurship_competitions` int,
  `academic_achievements` int,
  `high_level_papers` int,
  `volunteer_hours` int,
  `patents` int,
  `software_copyrights` int,
  `monographs_published` int,
  `education_level` varchar(50),
  `grade` int,
  `class` int,
  PRIMARY KEY (`student_id`) NOT ENFORCED
) WITH (
  'connector'  = 'elasticsearch-7',
  'hosts'     = 'http://47.120.73.205:9200',
  'index'        = '1_source_studentachievements_index'
) INSERT INTO flink_source.flink_target_StudentAchievements select * from flink_source.flink_source_StudentAchievements

java_class_path (initial): mysql2es.jar;flink_libs/aggs-matrix-stats-client-7.10.2.jar;flink_libs/awaitility-4.0.1.jar;flink_libs/chill-java-0.7.6.jar;flink_libs/commons-cli-1.5.0.jar;flink_libs/commons-codec-1.11.jar;flink_libs/commons-collections-3.2.2.jar;flink_libs/commons-compress-1.21.jar;flink_libs/commons-io-2.11.0.jar;flink_libs/commons-lang3-3.3.2.jar;flink_libs/commons-logging-1.1.3.jar;flink_libs/commons-math3-3.6.1.jar;flink_libs/compiler-0.9.6.jar;flink_libs/elasticsearch-7.10.2.jar;flink_libs/elasticsearch-cli-7.10.2.jar;flink_libs/elasticsearch-core-7.10.2.jar;flink_libs/elasticsearch-geo-7.10.2.jar;flink_libs/elasticsearch-rest-client-7.10.2.jar;flink_libs/elasticsearch-rest-high-level-client-7.10.2.jar;flink_libs/elasticsearch-secure-sm-7.10.2.jar;flink_libs/elasticsearch-x-content-7.10.2.jar;flink_libs/flink-annotations-1.16.0.jar;flink_libs/flink-cep-1.16.0.jar;flink_libs/flink-clients-1.16.0.jar;flink_libs/flink-connector-base-1.16.0.jar;flink_libs/flink-connector-elasticsearch-base-1.16.0.jar;flink_libs/flink-connector-elasticsearch7-1.16.0.jar;flink_libs/flink-connector-jdbc-1.16.0.jar;flink_libs/flink-core-1.16.0.jar;flink_libs/flink-file-sink-common-1.16.0.jar;flink_libs/flink-hadoop-fs-1.16.0.jar;flink_libs/flink-java-1.16.0.jar;flink_libs/flink-json-1.16.0.jar;flink_libs/flink-metrics-core-1.16.0.jar;flink_libs/flink-optimizer-1.16.0.jar;flink_libs/flink-queryable-state-client-java-1.16.0.jar;flink_libs/flink-rpc-akka-loader-1.16.0.jar;flink_libs/flink-rpc-core-1.16.0.jar;flink_libs/flink-runtime-1.16.0.jar;flink_libs/flink-shaded-asm-9-9.2-15.0.jar;flink_libs/flink-shaded-force-shading-15.0.jar;flink_libs/flink-shaded-guava-30.1.1-jre-15.0.jar;flink_libs/flink-shaded-jackson-2.12.4-15.0.jar;flink_libs/flink-shaded-netty-4.1.70.Final-15.0.jar;flink_libs/flink-shaded-zookeeper-3-3.5.9-15.0.jar;flink_libs/flink-sql-connector-mysql-cdc-2.3.0.jar;flink_libs/flink-streaming-java-1.16.0.jar;flink_libs/flink-table-api-bridge-base-1.16.0.jar;fli
Launcher Type: SUN_STANDARD

Environment Variables:
JAVA_HOME=D:\Java\jdk-1.8
CLASSPATH=.;D:\Java\jdk-1.8\lib;D:\Java\jdk-1.8\lib\tools.jar
PATH=C:\Program Files (x86)\Common Files\Oracle\Java\java8path;C:\Program Files (x86)\Common Files\Oracle\Java\javapath;D:\NVIDIA\CUDA Development\bin;D:\NVIDIA\CUDA Development\libnvvp;D:\VMware Player\bin\;C:\Windows\system32;C:\Windows;C:\Windows\System32\Wbem;C:\Windows\System32\WindowsPowerShell\v1.0\;C:\Windows\System32\OpenSSH\;C:\WINDOWS\system32;C:\WINDOWS;C:\WINDOWS\System32\Wbem;C:\WINDOWS\System32\WindowsPowerShell\v1.0\;C:\WINDOWS\System32\OpenSSH\;D:\mingw64\bin;D:\NetSarang\Xshell 7\;D:\NetSarang\Xftp 7\;D:\Git\cmd;C:\Users\22868\.cargo\bin;C:\Program Files\NVIDIA Corporation\Nsight Compute 2022.1.0\;D:\NVIDIA\CUDA Development\include;D:\Java\jdk-1.8\bin;D:\Maven\apache-maven-3.9.6\bin;D:\GO\go1.20.6.windows-amd64\go\bin;%MAVEN_HOME %\bin;C:\Users\22868\.cargo\bin;D:\Environment\anaconda3;D:\Environment\anaconda3\Library\mingw-w64\bin;D:\Environment\anaconda3\Library\usr\bin;D:\Environment\anaconda3\Library\bin;D:\Environment\anaconda3\Scripts;C:\Users\22868\AppData\Local\Microsoft\WindowsApps;D:\IDE\Microsoft VS Code\bin;D:\IDE\PyCharm Community Edition 2023.3.3\bin;;D:\IDE\IntelliJ IDEA 2023.3.4\bin;;D:\IDE\GoLand 2024.1.1\bin;;D:\GO\go1.20.6.windows-amd64\go\bin
USERNAME=22868
OS=Windows_NT
PROCESSOR_IDENTIFIER=Intel64 Family 6 Model 140 Stepping 1, GenuineIntel



---------------  S Y S T E M  ---------------

OS: Windows 11 , 64 bit Build 22621 (10.0.22621.3672)

CPU:total 8 (initial active 8) (4 cores per cpu, 2 threads per core) family 6 model 140 stepping 1, cmov, cx8, fxsr, mmx, sse, sse2, sse3, ssse3, sse4.1, sse4.2, popcnt, avx, avx2, aes, clmul, erms, 3dnowpref, lzcnt, ht, tsc, tscinvbit, bmi1, bmi2, adx

Memory: 4k page, physical 16448380k(866820k free), swap 34709412k(1566044k free)

vm_info: Java HotSpot(TM) 64-Bit Server VM (25.411-b09) for windows-amd64 JRE (1.8.0_411-b09), built on Mar 13 2024 07:26:13 by "java_re" with MS VC++ 17.1 (VS2022)

time: Mon Jun 17 13:28:20 2024
timezone: Intel64 Family 6 Model 140 Stepping 1, GenuineIntel
elapsed time: 610.037380 seconds (0d 0h 10m 10s)

